#
# A fatal error has been detected by the Java Runtime Environment:
#
#  SIGBUS (0x7) at pc=0x00007f711086bc60, pid=20208, tid=140122598373120
#
# JRE version: Java(TM) SE Runtime Environment (7.0_51-b13) (build 1.7.0_51-b13)
# Java VM: Java HotSpot(TM) 64-Bit Server VM (24.51-b03 mixed mode linux-amd64 compressed oops)
# Problematic frame:
# 
[error occurred during error reporting (printing problematic frame), id 0x7]

# Failed to write core dump. Core dumps have been disabled. To enable core dumping, try "ulimit -c unlimited" before starting Java again
#
# If you would like to submit a bug report, please visit:
#   http://bugreport.sun.com/bugreport/crash.jsp
# The crash happened outside the Java Virtual Machine in native code.
# See problematic frame for where to report the bug.
#

---------------  T H R E A D  ---------------

Current thread (0x00007f712c2c7000):  JavaThread "LWJGL Application" [_thread_in_native, id=20235, stack(0x00007f70d5a37000,0x00007f70d5b38000)]

siginfo:si_signo=SIGBUS: si_errno=0, si_code=2 (BUS_ADRERR), si_addr=0x00007f711086bc60

Registers:
RAX=0x00007f711086bc60, RBX=0x0000000700f3d2c8, RCX=0x000000000000a7a9, RDX=0x0000000700f4a848
RSP=0x00007f70d5b36508, RBP=0x00007f70d5b36550, RSI=0x00007f70d5b36560, RDI=0x00007f712c2c71e8
R8 =0x0000000000000001, R9 =0x0000000000000001, R10=0x00007f7129012cac, R11=0x00007f7134b5bd30
R12=0x0000000000000000, R13=0x0000000700f3d2c0, R14=0x00007f70d5b36568, R15=0x00007f712c2c7000
RIP=0x00007f711086bc60, EFLAGS=0x0000000000010287, CSGSFS=0x0000000000000033, ERR=0x0000000000000014
  TRAPNO=0x000000000000000e

Top of Stack: (sp=0x00007f70d5b36508)
0x00007f70d5b36508:   00007f7129012cd8 00007f70d5b36510
0x00007f70d5b36518:   0000000000000000 00007f70d5b36568
0x00007f70d5b36528:   0000000700f4a848 0000000000000000
0x00007f70d5b36538:   0000000700f3d2c8 0000000000000000
0x00007f70d5b36548:   00007f70d5b36570 00007f70d5b365b0
0x00007f70d5b36558:   00007f7129006058 00000007acfbf7e8
0x00007f70d5b36568:   00007f712900ecd8 00007f70d5b36570
0x00007f70d5b36578:   0000000700f3d1b8 00007f70d5b365c0
0x00007f70d5b36588:   0000000700f4a848 0000000701185368
0x00007f70d5b36598:   0000000700f3d200 00007f70d5b36570
0x00007f70d5b365a8:   00007f70d5b365c8 00007f70d5b36618
0x00007f70d5b365b8:   00007f7129006058 0000000000000000
0x00007f70d5b365c8:   00000001730d5401 00000007ad099b40
0x00007f70d5b365d8:   00007f70d5b365c8 0000000700fc15b1
0x00007f70d5b365e8:   00007f70d5b36660 0000000700fc2698
0x00007f70d5b365f8:   0000000000000000 0000000700fc1650
0x00007f70d5b36608:   00007f70d5b365c8 00007f70d5b36660
0x00007f70d5b36618:   00007f70d5b366a8 00007f7129006706
0x00007f70d5b36628:   0000000000000000 0000000000000000
0x00007f70d5b36638:   0000000000000000 00000007ad055a70
0x00007f70d5b36648:   00000007ad0559c8 00000007ad099b40
0x00007f70d5b36658:   00000007ad099b40 00000007ad099b30
0x00007f70d5b36668:   00007f70d5b36668 0000000700fbe733
0x00007f70d5b36678:   00007f70d5b366b0 0000000700fc0160
0x00007f70d5b36688:   0000000000000000 0000000700fbe748
0x00007f70d5b36698:   00007f70d5b36660 00007f70d5b366b8
0x00007f70d5b366a8:   00007f70d5b366f8 00007f7129006058
0x00007f70d5b366b8:   00007f70d5b366b8 0000000700f302d0
0x00007f70d5b366c8:   00007f70d5b36708 0000000700f8eef0
0x00007f70d5b366d8:   0000000000000000 0000000700f302f0
0x00007f70d5b366e8:   00007f70d5b366b8 00007f70d5b36708
0x00007f70d5b366f8:   00007f70d5b36760 00007f7129006706 

Instructions: (pc=0x00007f711086bc60)
0x00007f711086bc40:   
[error occurred during error reporting (printing registers, top of stack, instructions near pc), id 0x7]

Register to memory mapping:

RAX=
[error occurred during error reporting (printing register info), id 0x7]

Stack: [0x00007f70d5a37000,0x00007f70d5b38000],  sp=0x00007f70d5b36508,  free space=1021k
Native frames: (J=compiled Java code, j=interpreted, Vv=VM code, C=native code)

[error occurred during error reporting (printing native stack), id 0x7]

Java frames: (J=compiled Java code, j=interpreted, Vv=VM code)
j  org.lwjgl.opengl.LinuxDisplay.nUnlockAWT()V+0
j  org.lwjgl.opengl.LinuxDisplay.unlockAWT()V+0
j  org.lwjgl.opengl.LinuxContextImplementation.swapBuffers()V+57
j  org.lwjgl.opengl.ContextGL.swapBuffers()V+3
j  org.lwjgl.opengl.DrawableGL.swapBuffers()V+0
j  org.lwjgl.opengl.Display.swapBuffers()V+39
j  org.lwjgl.opengl.Display.update(Z)V+44
j  com.badlogic.gdx.backends.lwjgl.LwjglApplication.mainLoop()V+648
j  com.badlogic.gdx.backends.lwjgl.LwjglApplication$1.run()V+27
v  ~StubRoutines::call_stub

---------------  P R O C E S S  ---------------

Java Threads: ( => current thread )
  0x00007f70c0019000 JavaThread "process reaper" daemon [_thread_blocked, id=20237, stack(0x00007f71280b8000,0x00007f71280f1000)]
  0x00007f712c00a000 JavaThread "DestroyJavaVM" [_thread_blocked, id=20213, stack(0x00007f7135c1a000,0x00007f7135d1b000)]
=>0x00007f712c2c7000 JavaThread "LWJGL Application" [_thread_in_native, id=20235, stack(0x00007f70d5a37000,0x00007f70d5b38000)]
  0x00007f712c1c9000 JavaThread "AWT-XAWT" daemon [_thread_in_native, id=20231, stack(0x00007f7110c92000,0x00007f7110d93000)]
  0x00007f712c1a8000 JavaThread "Java2D Disposer" daemon [_thread_blocked, id=20230, stack(0x00007f71111a3000,0x00007f71112a4000)]
  0x00007f712c0a0000 JavaThread "Service Thread" daemon [_thread_blocked, id=20228, stack(0x00007f71131e7000,0x00007f71132e8000)]
  0x00007f712c09d800 JavaThread "C2 CompilerThread1" daemon [_thread_blocked, id=20227, stack(0x00007f71132e8000,0x00007f71133e9000)]
  0x00007f712c09a800 JavaThread "C2 CompilerThread0" daemon [_thread_blocked, id=20226, stack(0x00007f71133e9000,0x00007f71134ea000)]
  0x00007f712c090800 JavaThread "Signal Dispatcher" daemon [_thread_blocked, id=20225, stack(0x00007f71134ea000,0x00007f71135eb000)]
  0x00007f712c078800 JavaThread "Finalizer" daemon [_thread_blocked, id=20224, stack(0x00007f7113dfe000,0x00007f7113eff000)]
  0x00007f712c074800 JavaThread "Reference Handler" daemon [_thread_blocked, id=20223, stack(0x00007f7113eff000,0x00007f7114000000)]

Other Threads:
  0x00007f712c072000 VMThread [stack: 0x00007f71280f1000,0x00007f71281f2000] [id=20222]
  0x00007f712c0aa800 WatcherThread [stack: 0x00007f71130e6000,0x00007f71131e7000] [id=20229]

VM state:not at safepoint (normal execution)

VM Mutex/Monitor currently owned by a thread: None

Heap
 PSYoungGen      total 75264K, used 23498K [0x00000007ac900000, 0x00000007b1c80000, 0x0000000800000000)
  eden space 65024K, 36% used [0x00000007ac900000,0x00000007adff2a58,0x00000007b0880000)
  from space 10240K, 0% used [0x00000007b1280000,0x00000007b1280000,0x00000007b1c80000)
  to   space 10240K, 0% used [0x00000007b0880000,0x00000007b0880000,0x00000007b1280000)
 ParOldGen       total 170496K, used 0K [0x0000000705c00000, 0x0000000710280000, 0x00000007ac900000)
  object space 170496K, 0% used [0x0000000705c00000,0x0000000705c00000,0x0000000710280000)
 PSPermGen       total 21504K, used 7706K [0x0000000700a00000, 0x0000000701f00000, 0x0000000705c00000)
  object space 21504K, 35% used [0x0000000700a00000,0x0000000701186970,0x0000000701f00000)

Card table byte_map: [0x00007f713271c000,0x00007f7132f18000] byte_map_base: 0x00007f712ef17000

Polling page: 0x00007f7135d39000

Code Cache  [0x00007f7129000000, 0x00007f7129270000, 0x00007f712c000000)
 total_blobs=579 nmethods=121 adapters=412 free_code_cache=48423Kb largest_free_block=49559808

Compilation events (10 events):
Event: 11,015 Thread 0x00007f712c09a800  117             java.util.concurrent.locks.AbstractOwnableSynchronizer::setExclusiveOwnerThread (6 bytes)
Event: 11,016 Thread 0x00007f712c09a800 nmethod 117 0x00007f71290b95d0 code [0x00007f71290b9700, 0x00007f71290b9778]
Event: 11,581 Thread 0x00007f712c09d800  118             java.nio.HeapByteBuffer::ix (7 bytes)
Event: 11,582 Thread 0x00007f712c09d800 nmethod 118 0x00007f71290b93d0 code [0x00007f71290b9500, 0x00007f71290b9558]
Event: 12,448 Thread 0x00007f712c09a800  119             java.util.concurrent.locks.AbstractQueuedSynchronizer::getState (5 bytes)
Event: 12,448 Thread 0x00007f712c09a800 nmethod 119 0x00007f71290b9190 code [0x00007f71290b92c0, 0x00007f71290b9318]
Event: 13,065 Thread 0x00007f712c09d800  120             com.badlogic.gdx.math.Matrix4::set (9 bytes)
Event: 13,065 Thread 0x00007f712c09a800  121             com.badlogic.gdx.math.Matrix4::set (17 bytes)
Event: 13,068 Thread 0x00007f712c09a800 nmethod 121 0x00007f71290a3450 code [0x00007f71290a35a0, 0x00007f71290a3678]
Event: 13,069 Thread 0x00007f712c09d800 nmethod 120 0x00007f71290a30d0 code [0x00007f71290a3220, 0x00007f71290a3318]

GC Heap History (0 events):
No events

Deoptimization events (0 events):
No events

Internal exceptions (10 events):
Event: 1,151 Thread 0x00007f712c2c7000 Threw 0x00000007ad6a16e8 at /HUDSON/workspace/7u-2-build-linux-amd64@2/jdk7u51/527/hotspot/src/share/vm/prims/jvm.cpp:1244
Event: 1,152 Thread 0x00007f712c2c7000 Threw 0x00000007ad6a5f18 at /HUDSON/workspace/7u-2-build-linux-amd64@2/jdk7u51/527/hotspot/src/share/vm/prims/jvm.cpp:1244
Event: 1,152 Thread 0x00007f712c2c7000 Threw 0x00000007ad6aa2d8 at /HUDSON/workspace/7u-2-build-linux-amd64@2/jdk7u51/527/hotspot/src/share/vm/prims/jvm.cpp:1244
Event: 1,153 Thread 0x00007f712c2c7000 Threw 0x00000007ad6ae688 at /HUDSON/workspace/7u-2-build-linux-amd64@2/jdk7u51/527/hotspot/src/share/vm/prims/jvm.cpp:1244
Event: 1,299 Thread 0x00007f712c2c7000 Threw 0x00000007ad6d7c88 at /HUDSON/workspace/7u-2-build-linux-amd64@2/jdk7u51/527/hotspot/src/share/vm/prims/jvm.cpp:1244
Event: 1,449 Thread 0x00007f712c2c7000 Threw 0x00000007ad6f8938 at /HUDSON/workspace/7u-2-build-linux-amd64@2/jdk7u51/527/hotspot/src/share/vm/prims/jvm.cpp:1244
Event: 3,033 Thread 0x00007f712c2c7000 Threw 0x00000007ad825788 at /HUDSON/workspace/7u-2-build-linux-amd64@2/jdk7u51/527/hotspot/src/share/vm/prims/jvm.cpp:1244
Event: 3,037 Thread 0x00007f712c2c7000 Threw 0x00000007ad838da0 at /HUDSON/workspace/7u-2-build-linux-amd64@2/jdk7u51/527/hotspot/src/share/vm/prims/jvm.cpp:1244
Event: 6,065 Thread 0x00007f712c2c7000 Threw 0x00000007ada73c78 at /HUDSON/workspace/7u-2-build-linux-amd64@2/jdk7u51/527/hotspot/src/share/vm/prims/jvm.cpp:1244
Event: 6,067 Thread 0x00007f712c2c7000 Threw 0x00000007ada77e40 at /HUDSON/workspace/7u-2-build-linux-amd64@2/jdk7u51/527/hotspot/src/share/vm/prims/jvm.cpp:1244

Events (10 events):
Event: 3,567 loading class 0x00007f7131118080
Event: 3,568 loading class 0x00007f7131118080 done
Event: 4,057 Executing VM operation: EnableBiasedLocking
Event: 4,057 Executing VM operation: EnableBiasedLocking done
Event: 6,065 loading class 0x00007f712c0ec1e0
Event: 6,065 loading class 0x00007f712c0ec1e0 done
Event: 6,067 loading class 0x00007f712c0ec2b0
Event: 6,067 loading class 0x00007f712c0ec2b0 done
Event: 6,068 loading class 0x00007f713110b7f0
Event: 6,068 loading class 0x00007f713110b7f0 done


Dynamic libraries:
00400000-00401000 r-xp 00000000 08:01 405758                             /usr/lib/jvm/java-7-oracle/bin/java
00600000-00601000 rw-p 00000000 08:01 405758                             /usr/lib/jvm/java-7-oracle/bin/java
00d4e000-00d6f000 rw-p 00000000 00:00 0                                  [heap]
405a8000-40645000 rw-p 00000000 00:00 0 
40a37000-40a39000 r-xs 00000000 08:01 3804034                            /tmp/gl9rRwEA (deleted)
700a00000-701f00000 rw-p 00000000 00:00 0 
701f00000-705c00000 rw-p 00000000 00:00 0 
705c00000-710280000 rw-p 00000000 00:00 0 
710280000-7ac900000 rw-p 00000000 00:00 0 
7ac900000-7b1c80000 rw-p 00000000 00:00 0 
7b1c80000-800000000 rw-p 00000000 00:00 0 
7f70b4000000-7f70b4021000 rw-p 00000000 00:00 0 
7f70b4021000-7f70b8000000 ---p 00000000 00:00 0 
7f70b8000000-7f70b9129000 rw-p 00000000 00:00 0 
7f70b9129000-7f70bc000000 ---p 00000000 00:00 0 
7f70bc000000-7f70bc021000 rw-p 00000000 00:00 0 
7f70bc021000-7f70c0000000 ---p 00000000 00:00 0 
7f70c0000000-7f70c4000000 rw-p 00000000 00:00 0 
7f70c4000000-7f70c4021000 rw-p 00000000 00:00 0 
7f70c4021000-7f70c8000000 ---p 00000000 00:00 0 
7f70c9aa5000-7f70cb4ef000 r-xp 00000000 08:01 405400                     /usr/lib/nvidia-319-updates/libnvidia-glcore.so.319.60
7f70cb4ef000-7f70cb6ee000 ---p 01a4a000 08:01 405400                     /usr/lib/nvidia-319-updates/libnvidia-glcore.so.319.60
7f70cb6ee000-7f70cbfe6000 rwxp 01a49000 08:01 405400                     /usr/lib/nvidia-319-updates/libnvidia-glcore.so.319.60
7f70cbfe6000-7f70cbfff000 rwxp 00000000 00:00 0 
7f70cbfff000-7f70d0000000 rw-s 00000000 00:13 605140                     /run/shm/pulse-shm-1400428846
7f70d0000000-7f70d0021000 rw-p 00000000 00:00 0 
7f70d0021000-7f70d4000000 ---p 00000000 00:00 0 
7f70d4806000-7f70d4c06000 rw-s 3283ee000 00:05 10186                     /dev/nvidia0
7f70d4c06000-7f70d4e06000 rw-s 3dfcb5000 00:05 10186                     /dev/nvidia0
7f70d4e06000-7f70d5006000 rw-s 35f18f000 00:05 10186                     /dev/nvidia0
7f70d5006000-7f70d5206000 rw-s 2e665d000 00:05 10186                     /dev/nvidia0
7f70d5206000-7f70d5406000 rw-s 36c3ca000 00:05 10186                     /dev/nvidia0
7f70d5406000-7f70d5506000 rw-s 327e02000 00:05 10186                     /dev/nvidia0
7f70d5506000-7f70d5509000 r-xp 00000000 08:01 405405                     /usr/lib/nvidia-319-updates/tls/libnvidia-tls.so.319.60
7f70d5509000-7f70d5708000 ---p 00003000 08:01 405405                     /usr/lib/nvidia-319-updates/tls/libnvidia-tls.so.319.60
7f70d5708000-7f70d5709000 rw-p 00002000 08:01 405405                     /usr/lib/nvidia-319-updates/tls/libnvidia-tls.so.319.60
7f70d5709000-7f70d57e3000 r-xp 00000000 08:01 402079                     /usr/lib/nvidia-319-updates/libGL.so.319.60
7f70d57e3000-7f70d59e2000 ---p 000da000 08:01 402079                     /usr/lib/nvidia-319-updates/libGL.so.319.60
7f70d59e2000-7f70d5a21000 rwxp 000d9000 08:01 402079                     /usr/lib/nvidia-319-updates/libGL.so.319.60
7f70d5a21000-7f70d5a37000 rwxp 00000000 00:00 0 
7f70d5a37000-7f70d5a3a000 ---p 00000000 00:00 0 
7f70d5a3a000-7f70d5b38000 rw-p 00000000 00:00 0                          [stack:20235]
7f70d5b38000-7f70d5b39000 ---p 00000000 00:00 0 
7f70d5b39000-7f70d6339000 rw-p 00000000 00:00 0                          [stack:20233]
7f70d6339000-7f70d634f000 r-xp 00000000 08:01 5246949                    /lib/x86_64-linux-gnu/libresolv-2.17.so
7f70d634f000-7f70d654f000 ---p 00016000 08:01 5246949                    /lib/x86_64-linux-gnu/libresolv-2.17.so
7f70d654f000-7f70d6550000 r--p 00016000 08:01 5246949                    /lib/x86_64-linux-gnu/libresolv-2.17.so
7f70d6550000-7f70d6551000 rw-p 00017000 08:01 5246949                    /lib/x86_64-linux-gnu/libresolv-2.17.so
7f70d6551000-7f70d6553000 rw-p 00000000 00:00 0 
7f70d6553000-7f70d655a000 r-xp 00000000 08:01 401867                     /usr/lib/x86_64-linux-gnu/libogg.so.0.8.1
7f70d655a000-7f70d675a000 ---p 00007000 08:01 401867                     /usr/lib/x86_64-linux-gnu/libogg.so.0.8.1
7f70d675a000-7f70d675b000 r--p 00007000 08:01 401867                     /usr/lib/x86_64-linux-gnu/libogg.so.0.8.1
7f70d675b000-7f70d675c000 rw-p 00008000 08:01 401867                     /usr/lib/x86_64-linux-gnu/libogg.so.0.8.1
7f70d675c000-7f70d6787000 r-xp 00000000 08:01 402098                     /usr/lib/x86_64-linux-gnu/libvorbis.so.0.4.5
7f70d6787000-7f70d6987000 ---p 0002b000 08:01 402098                     /usr/lib/x86_64-linux-gnu/libvorbis.so.0.4.5
7f70d6987000-7f70d6988000 r--p 0002b000 08:01 402098                     /usr/lib/x86_64-linux-gnu/libvorbis.so.0.4.5
7f70d6988000-7f70d6989000 rw-p 0002c000 08:01 402098                     /usr/lib/x86_64-linux-gnu/libvorbis.so.0.4.5
7f70d6989000-7f70d6c3c000 r-xp 00000000 08:01 402100                     /usr/lib/x86_64-linux-gnu/libvorbisenc.so.2.0.8
7f70d6c3c000-7f70d6e3b000 ---p 002b3000 08:01 402100                     /usr/lib/x86_64-linux-gnu/libvorbisenc.so.2.0.8
7f70d6e3b000-7f70d6e57000 r--p 002b2000 08:01 402100                     /usr/lib/x86_64-linux-gnu/libvorbisenc.so.2.0.8
7f70d6e57000-7f70d6e58000 rw-p 002ce000 08:01 402100                     /usr/lib/x86_64-linux-gnu/libvorbisenc.so.2.0.8
7f70d6e58000-7f70d6e87000 r-xp 00000000 08:01 401065                     /usr/lib/x86_64-linux-gnu/libFLAC.so.8.3.0
7f70d6e87000-7f70d7087000 ---p 0002f000 08:01 401065                     /usr/lib/x86_64-linux-gnu/libFLAC.so.8.3.0
7f70d7087000-7f70d7088000 r--p 0002f000 08:01 401065                     /usr/lib/x86_64-linux-gnu/libFLAC.so.8.3.0
7f70d7088000-7f70d7089000 rw-p 00030000 08:01 401065                     /usr/lib/x86_64-linux-gnu/libFLAC.so.8.3.0
7f70d7089000-7f70d708e000 r-xp 00000000 08:01 401282                     /usr/lib/x86_64-linux-gnu/libasyncns.so.0.3.1
7f70d708e000-7f70d728d000 ---p 00005000 08:01 401282                     /usr/lib/x86_64-linux-gnu/libasyncns.so.0.3.1
7f70d728d000-7f70d728e000 r--p 00004000 08:01 401282                     /usr/lib/x86_64-linux-gnu/libasyncns.so.0.3.1
7f70d728e000-7f70d728f000 rw-p 00005000 08:01 401282                     /usr/lib/x86_64-linux-gnu/libasyncns.so.0.3.1
7f70d728f000-7f70d72f0000 r-xp 00000000 08:01 401993                     /usr/lib/x86_64-linux-gnu/libsndfile.so.1.0.25
7f70d72f0000-7f70d74f0000 ---p 00061000 08:01 401993                     /usr/lib/x86_64-linux-gnu/libsndfile.so.1.0.25
7f70d74f0000-7f70d74f2000 r--p 00061000 08:01 401993                     /usr/lib/x86_64-linux-gnu/libsndfile.so.1.0.25
7f70d74f2000-7f70d74f3000 rw-p 00063000 08:01 401993                     /usr/lib/x86_64-linux-gnu/libsndfile.so.1.0.25
7f70d74f3000-7f70d74f7000 rw-p 00000000 00:00 0 
7f70d74f7000-7f70d74ff000 r-xp 00000000 08:01 5246983                    /lib/x86_64-linux-gnu/libwrap.so.0.7.6
7f70d74ff000-7f70d76ff000 ---p 00008000 08:01 5246983                    /lib/x86_64-linux-gnu/libwrap.so.0.7.6
7f70d76ff000-7f70d7700000 r--p 00008000 08:01 5246983                    /lib/x86_64-linux-gnu/libwrap.so.0.7.6
7f70d7700000-7f70d7701000 rw-p 00009000 08:01 5246983                    /lib/x86_64-linux-gnu/libwrap.so.0.7.6
7f70d7701000-7f70d7745000 r-xp 00000000 08:01 5246840                    /lib/x86_64-linux-gnu/libdbus-1.so.3.7.4
7f70d7745000-7f70d7944000 ---p 00044000 08:01 5246840                    /lib/x86_64-linux-gnu/libdbus-1.so.3.7.4
7f70d7944000-7f70d7945000 r--p 00043000 08:01 5246840                    /lib/x86_64-linux-gnu/libdbus-1.so.3.7.4
7f70d7945000-7f70d7946000 rw-p 00044000 08:01 5246840                    /lib/x86_64-linux-gnu/libdbus-1.so.3.7.4
7f70d7946000-7f70d79ac000 r-xp 00000000 08:01 787126                     /usr/lib/x86_64-linux-gnu/pulseaudio/libpulsecommon-4.0.so
7f70d79ac000-7f70d7bab000 ---p 00066000 08:01 787126                     /usr/lib/x86_64-linux-gnu/pulseaudio/libpulsecommon-4.0.so
7f70d7bab000-7f70d7bac000 r--p 00065000 08:01 787126                     /usr/lib/x86_64-linux-gnu/pulseaudio/libpulsecommon-4.0.so
7f70d7bac000-7f70d7bad000 rw-p 00066000 08:01 787126                     /usr/lib/x86_64-linux-gnu/pulseaudio/libpulsecommon-4.0.so
7f70d7bad000-7f70d7bb6000 r-xp 00000000 08:01 5246868                    /lib/x86_64-linux-gnu/libjson-c.so.2.0.1
7f70d7bb6000-7f70d7db5000 ---p 00009000 08:01 5246868                    /lib/x86_64-linux-gnu/libjson-c.so.2.0.1
7f70d7db5000-7f70d7db6000 r--p 00008000 08:01 5246868                    /lib/x86_64-linux-gnu/libjson-c.so.2.0.1
7f70d7db6000-7f70d7db7000 rw-p 00009000 08:01 5246868                    /lib/x86_64-linux-gnu/libjson-c.so.2.0.1
7f70d7db7000-7f70d7dfe000 r-xp 00000000 08:01 401930                     /usr/lib/x86_64-linux-gnu/libpulse.so.0.16.2
7f70d7dfe000-7f70d7ffe000 ---p 00047000 08:01 401930                     /usr/lib/x86_64-linux-gnu/libpulse.so.0.16.2
7f70d7ffe000-7f70d7fff000 r--p 00047000 08:01 401930                     /usr/lib/x86_64-linux-gnu/libpulse.so.0.16.2
7f70d7fff000-7f70d8000000 rw-p 00048000 08:01 401930                     /usr/lib/x86_64-linux-gnu/libpulse.so.0.16.2
7f70d8000000-7f70d8021000 rw-p 00000000 00:00 0 
7f70d8021000-7f70dc000000 ---p 00000000 00:00 0 
7f70dc000000-7f70dc021000 rw-p 00000000 00:00 0 
7f70dc021000-7f70e0000000 ---p 00000000 00:00 0 
7f70e0000000-7f70e046b000 rw-p 00000000 00:00 0 
7f70e046b000-7f70e4000000 ---p 00000000 00:00 0 
7f70e4000000-7f70e4021000 rw-p 00000000 00:00 0 
7f70e4021000-7f70e8000000 ---p 00000000 00:00 0 
7f70e8000000-7f70e8021000 rw-p 00000000 00:00 0 
7f70e8021000-7f70ec000000 ---p 00000000 00:00 0 
7f70ec000000-7f70ec5f4000 rw-p 00000000 00:00 0 
7f70ec5f4000-7f70f0000000 ---p 00000000 00:00 0 
7f70f0000000-7f70f0021000 rw-p 00000000 00:00 0 
7f70f0021000-7f70f4000000 ---p 00000000 00:00 0 
7f70f4000000-7f70f4021000 rw-p 00000000 00:00 0 
7f70f4021000-7f70f8000000 ---p 00000000 00:00 0 
7f70f8000000-7f70f8021000 rw-p 00000000 00:00 0 
7f70f8021000-7f70fc000000 ---p 00000000 00:00 0 
7f70fc050000-7f7104000000 rw-p 00000000 00:00 0 
7f7104000000-7f7104021000 rw-p 00000000 00:00 0 
7f7104021000-7f7108000000 ---p 00000000 00:00 0 
7f7108000000-7f7108021000 rw-p 00000000 00:00 0 
7f7108021000-7f710c000000 ---p 00000000 00:00 0 
7f710c000000-7f710c021000 rw-p 00000000 00:00 0 
7f710c021000-7f7110000000 ---p 00000000 00:00 0 
7f7110019000-7f7110039000 rw-s c0120000 00:05 10186                      /dev/nvidia0
7f7110039000-7f7110079000 rw-s 313d5f000 00:05 10186                     /dev/nvidia0
7f7110079000-7f71100b9000 rw-s 328192000 00:05 10186                     /dev/nvidia0
7f71100b9000-7f71100ba000 ---p 00000000 00:00 0 
7f71100ba000-7f71101ba000 rw-p 00000000 00:00 0                          [stack:20234]
7f71101ba000-7f711020f000 r-xp 00000000 08:01 3804033                    /tmp/libgdxedmundas/7b43be9b/libopenal64.so
7f711020f000-7f711040e000 ---p 00055000 08:01 3804033                    /tmp/libgdxedmundas/7b43be9b/libopenal64.so
7f711040e000-7f7110411000 r--p 00054000 08:01 3804033                    /tmp/libgdxedmundas/7b43be9b/libopenal64.so
7f7110411000-7f7110412000 rw-p 00057000 08:01 3804033                    /tmp/libgdxedmundas/7b43be9b/libopenal64.so
7f7110412000-7f7110413000 rw-p 00000000 00:00 0 
7f7110413000-7f7110417000 r-xp 00000000 08:01 401249                     /usr/lib/x86_64-linux-gnu/libXxf86vm.so.1.0.0
7f7110417000-7f7110617000 ---p 00004000 08:01 401249                     /usr/lib/x86_64-linux-gnu/libXxf86vm.so.1.0.0
7f7110617000-7f7110618000 r--p 00004000 08:01 401249                     /usr/lib/x86_64-linux-gnu/libXxf86vm.so.1.0.0
7f7110618000-7f7110619000 rw-p 00005000 08:01 401249                     /usr/lib/x86_64-linux-gnu/libXxf86vm.so.1.0.0
7f7110619000-7f7110622000 r-xp 00000000 08:01 401237                     /usr/lib/x86_64-linux-gnu/libXrandr.so.2.2.0
7f7110622000-7f7110821000 ---p 00009000 08:01 401237                     /usr/lib/x86_64-linux-gnu/libXrandr.so.2.2.0
7f7110821000-7f7110822000 r--p 00008000 08:01 401237                     /usr/lib/x86_64-linux-gnu/libXrandr.so.2.2.0
7f7110822000-7f7110823000 rw-p 00009000 08:01 401237                     /usr/lib/x86_64-linux-gnu/libXrandr.so.2.2.0
7f7110823000-7f711088f000 r-xp 00000000 08:01 3804029                    /tmp/libgdxedmundas/7b43be9b/liblwjgl64.so (deleted)
7f711088f000-7f7110a8e000 ---p 0006c000 08:01 3804029                    /tmp/libgdxedmundas/7b43be9b/liblwjgl64.so (deleted)
7f7110a8e000-7f7110a90000 r--p 0006b000 08:01 3804029                    /tmp/libgdxedmundas/7b43be9b/liblwjgl64.so (deleted)
7f7110a90000-7f7110a91000 rw-p 0006d000 08:01 3804029                    /tmp/libgdxedmundas/7b43be9b/liblwjgl64.so (deleted)
7f7110a91000-7f7110a92000 r-xp 00000000 08:01 1056102                    /usr/lib/jvm/java-7-oracle/jre/lib/amd64/libjawt.so
7f7110a92000-7f7110c91000 ---p 00001000 08:01 1056102                    /usr/lib/jvm/java-7-oracle/jre/lib/amd64/libjawt.so
7f7110c91000-7f7110c92000 rw-p 00000000 08:01 1056102                    /usr/lib/jvm/java-7-oracle/jre/lib/amd64/libjawt.so
7f7110c92000-7f7110c95000 ---p 00000000 00:00 0 
7f7110c95000-7f7110d93000 rw-p 00000000 00:00 0                          [stack:20231]
7f7110d93000-7f7110d98000 r-xp 00000000 08:01 401219                     /usr/lib/x86_64-linux-gnu/libXfixes.so.3.1.0
7f7110d98000-7f7110f97000 ---p 00005000 08:01 401219                     /usr/lib/x86_64-linux-gnu/libXfixes.so.3.1.0
7f7110f97000-7f7110f98000 r--p 00004000 08:01 401219                     /usr/lib/x86_64-linux-gnu/libXfixes.so.3.1.0
7f7110f98000-7f7110f99000 rw-p 00005000 08:01 401219                     /usr/lib/x86_64-linux-gnu/libXfixes.so.3.1.0
7f7110f99000-7f7110fa2000 r-xp 00000000 08:01 401211                     /usr/lib/x86_64-linux-gnu/libXcursor.so.1.0.2
7f7110fa2000-7f71111a1000 ---p 00009000 08:01 401211                     /usr/lib/x86_64-linux-gnu/libXcursor.so.1.0.2
7f71111a1000-7f71111a2000 r--p 00008000 08:01 401211                     /usr/lib/x86_64-linux-gnu/libXcursor.so.1.0.2
7f71111a2000-7f71111a3000 rw-p 00009000 08:01 401211                     /usr/lib/x86_64-linux-gnu/libXcursor.so.1.0.2
7f71111a3000-7f71111a6000 ---p 00000000 00:00 0 
7f71111a6000-7f71112a4000 rw-p 00000000 00:00 0                          [stack:20230]
7f71112a4000-7f71112a9000 r-xp 00000000 08:01 401215                     /usr/lib/x86_64-linux-gnu/libXdmcp.so.6.0.0
7f71112a9000-7f71114a8000 ---p 00005000 08:01 401215                     /usr/lib/x86_64-linux-gnu/libXdmcp.so.6.0.0
7f71114a8000-7f71114a9000 r--p 00004000 08:01 401215                     /usr/lib/x86_64-linux-gnu/libXdmcp.so.6.0.0
7f71114a9000-7f71114aa000 rw-p 00005000 08:01 401215                     /usr/lib/x86_64-linux-gnu/libXdmcp.so.6.0.0
7f71114aa000-7f71114ac000 r-xp 00000000 08:01 401204                     /usr/lib/x86_64-linux-gnu/libXau.so.6.0.0
7f71114ac000-7f71116ac000 ---p 00002000 08:01 401204                     /usr/lib/x86_64-linux-gnu/libXau.so.6.0.0
7f71116ac000-7f71116ad000 r--p 00002000 08:01 401204                     /usr/lib/x86_64-linux-gnu/libXau.so.6.0.0
7f71116ad000-7f71116ae000 rw-p 00003000 08:01 401204                     /usr/lib/x86_64-linux-gnu/libXau.so.6.0.0
7f71116ae000-7f71116cb000 r-xp 00000000 08:01 402156                     /usr/lib/x86_64-linux-gnu/libxcb.so.1.1.0
7f71116cb000-7f71118ca000 ---p 0001d000 08:01 402156                     /usr/lib/x86_64-linux-gnu/libxcb.so.1.1.0
7f71118ca000-7f71118cb000 r--p 0001c000 08:01 402156                     /usr/lib/x86_64-linux-gnu/libxcb.so.1.1.0
7f71118cb000-7f71118cc000 rw-p 0001d000 08:01 402156                     /usr/lib/x86_64-linux-gnu/libxcb.so.1.1.0
7f71118cc000-7f71118db000 r-xp 00000000 08:01 401225                     /usr/lib/x86_64-linux-gnu/libXi.so.6.1.0
7f71118db000-7f7111ada000 ---p 0000f000 08:01 401225                     /usr/lib/x86_64-linux-gnu/libXi.so.6.1.0
7f7111ada000-7f7111adb000 r--p 0000e000 08:01 401225                     /usr/lib/x86_64-linux-gnu/libXi.so.6.1.0
7f7111adb000-7f7111adc000 rw-p 0000f000 08:01 401225                     /usr/lib/x86_64-linux-gnu/libXi.so.6.1.0
7f7111adc000-7f7111ae1000 r-xp 00000000 08:01 401243                     /usr/lib/x86_64-linux-gnu/libXtst.so.6.1.0
7f7111ae1000-7f7111ce0000 ---p 00005000 08:01 401243                     /usr/lib/x86_64-linux-gnu/libXtst.so.6.1.0
7f7111ce0000-7f7111ce1000 r--p 00004000 08:01 401243                     /usr/lib/x86_64-linux-gnu/libXtst.so.6.1.0
7f7111ce1000-7f7111ce2000 rw-p 00005000 08:01 401243                     /usr/lib/x86_64-linux-gnu/libXtst.so.6.1.0
7f7111ce2000-7f7111ceb000 r-xp 00000000 08:01 401239                     /usr/lib/x86_64-linux-gnu/libXrender.so.1.3.0
7f7111ceb000-7f7111eea000 ---p 00009000 08:01 401239                     /usr/lib/x86_64-linux-gnu/libXrender.so.1.3.0
7f7111eea000-7f7111eeb000 r--p 00008000 08:01 401239                     /usr/lib/x86_64-linux-gnu/libXrender.so.1.3.0
7f7111eeb000-7f7111eec000 rw-p 00009000 08:01 401239                     /usr/lib/x86_64-linux-gnu/libXrender.so.1.3.0
7f7111eec000-7f711201c000 r-xp 00000000 08:01 401200                     /usr/lib/x86_64-linux-gnu/libX11.so.6.3.0
7f711201c000-7f711221c000 ---p 00130000 08:01 401200                     /usr/lib/x86_64-linux-gnu/libX11.so.6.3.0
7f711221c000-7f711221d000 r--p 00130000 08:01 401200                     /usr/lib/x86_64-linux-gnu/libX11.so.6.3.0
7f711221d000-7f7112221000 rw-p 00131000 08:01 401200                     /usr/lib/x86_64-linux-gnu/libX11.so.6.3.0
7f7112221000-7f7112232000 r-xp 00000000 08:01 401217                     /usr/lib/x86_64-linux-gnu/libXext.so.6.4.0
7f7112232000-7f7112431000 ---p 00011000 08:01 401217                     /usr/lib/x86_64-linux-gnu/libXext.so.6.4.0
7f7112431000-7f7112432000 r--p 00010000 08:01 401217                     /usr/lib/x86_64-linux-gnu/libXext.so.6.4.0
7f7112432000-7f7112433000 rw-p 00011000 08:01 401217                     /usr/lib/x86_64-linux-gnu/libXext.so.6.4.0
7f7112433000-7f7112483000 r-xp 00000000 08:01 1056125                    /usr/lib/jvm/java-7-oracle/jre/lib/amd64/xawt/libmawt.so
7f7112483000-7f7112683000 ---p 00050000 08:01 1056125                    /usr/lib/jvm/java-7-oracle/jre/lib/amd64/xawt/libmawt.so
7f7112683000-7f7112687000 rw-p 00050000 08:01 1056125                    /usr/lib/jvm/java-7-oracle/jre/lib/amd64/xawt/libmawt.so
7f7112687000-7f7112688000 rw-p 00000000 00:00 0 
7f7112688000-7f711272a000 r-xp 00000000 08:01 1056150                    /usr/lib/jvm/java-7-oracle/jre/lib/amd64/libawt.so
7f711272a000-7f711292a000 ---p 000a2000 08:01 1056150                    /usr/lib/jvm/java-7-oracle/jre/lib/amd64/libawt.so
7f711292a000-7f7112936000 rw-p 000a2000 08:01 1056150                    /usr/lib/jvm/java-7-oracle/jre/lib/amd64/libawt.so
7f7112936000-7f711295a000 rw-p 00000000 00:00 0 
7f711295a000-7f711296f000 r-xp 00000000 08:01 5242885                    /lib/x86_64-linux-gnu/libgcc_s.so.1
7f711296f000-7f7112b6e000 ---p 00015000 08:01 5242885                    /lib/x86_64-linux-gnu/libgcc_s.so.1
7f7112b6e000-7f7112b6f000 r--p 00014000 08:01 5242885                    /lib/x86_64-linux-gnu/libgcc_s.so.1
7f7112b6f000-7f7112b70000 rw-p 00015000 08:01 5242885                    /lib/x86_64-linux-gnu/libgcc_s.so.1
7f7112b70000-7f7112c56000 r-xp 00000000 08:01 399202                     /usr/lib/x86_64-linux-gnu/libstdc++.so.6.0.18
7f7112c56000-7f7112e55000 ---p 000e6000 08:01 399202                     /usr/lib/x86_64-linux-gnu/libstdc++.so.6.0.18
7f7112e55000-7f7112e5d000 r--p 000e5000 08:01 399202                     /usr/lib/x86_64-linux-gnu/libstdc++.so.6.0.18
7f7112e5d000-7f7112e5f000 rw-p 000ed000 08:01 399202                     /usr/lib/x86_64-linux-gnu/libstdc++.so.6.0.18
7f7112e5f000-7f7112e74000 rw-p 00000000 00:00 0 
7f7112e74000-7f7112ee3000 r-xp 00000000 08:01 3804024                    /tmp/libgdxedmundas/b4a54a2/libgdx64.so
7f7112ee3000-7f71130e2000 ---p 0006f000 08:01 3804024                    /tmp/libgdxedmundas/b4a54a2/libgdx64.so
7f71130e2000-7f71130e4000 r--p 0006e000 08:01 3804024                    /tmp/libgdxedmundas/b4a54a2/libgdx64.so
7f71130e4000-7f71130e5000 rw-p 00070000 08:01 3804024                    /tmp/libgdxedmundas/b4a54a2/libgdx64.so
7f71130e5000-7f71130e6000 rw-p 00000000 00:00 0 
7f71130e6000-7f71130e7000 ---p 00000000 00:00 0 
7f71130e7000-7f71131e7000 rw-p 00000000 00:00 0                          [stack:20229]
7f71131e7000-7f71131ea000 ---p 00000000 00:00 0 
7f71131ea000-7f71132e8000 rw-p 00000000 00:00 0                          [stack:20228]
7f71132e8000-7f71132eb000 ---p 00000000 00:00 0 
7f71132eb000-7f71133e9000 rw-p 00000000 00:00 0                          [stack:20227]
7f71133e9000-7f71133ec000 ---p 00000000 00:00 0 
7f71133ec000-7f71134ea000 rw-p 00000000 00:00 0                          [stack:20226]
7f71134ea000-7f71134ed000 ---p 00000000 00:00 0 
7f71134ed000-7f71135eb000 rw-p 00000000 00:00 0                          [stack:20225]
7f71135eb000-7f7113dfe000 r--p 00000000 08:01 400200                     /usr/lib/locale/locale-archive
7f7113dfe000-7f7113e01000 ---p 00000000 00:00 0 
7f7113e01000-7f7113eff000 rw-p 00000000 00:00 0                          [stack:20224]
7f7113eff000-7f7113f02000 ---p 00000000 00:00 0 
7f7113f02000-7f7114000000 rw-p 00000000 00:00 0                          [stack:20223]
7f7114000000-7f7114021000 rw-p 00000000 00:00 0 
7f7114021000-7f7118000000 ---p 00000000 00:00 0 
7f7118000000-7f7118021000 rw-p 00000000 00:00 0 
7f7118021000-7f711c000000 ---p 00000000 00:00 0 
7f711c000000-7f711c021000 rw-p 00000000 00:00 0 
7f711c021000-7f7120000000 ---p 00000000 00:00 0 
7f7120000000-7f7120021000 rw-p 00000000 00:00 0 
7f7120021000-7f7124000000 ---p 00000000 00:00 0 
7f7124000000-7f7124021000 rw-p 00000000 00:00 0 
7f7124021000-7f7128000000 ---p 00000000 00:00 0 
7f7128018000-7f7128038000 rw-s 3de770000 00:05 10186                     /dev/nvidia0
7f7128038000-7f7128058000 rw-s 380348000 00:05 10186                     /dev/nvidia0
7f7128058000-7f7128098000 rw-s 37c76b000 00:05 10186                     /dev/nvidia0
7f71280b8000-7f71280bb000 ---p 00000000 00:00 0 
7f71280bb000-7f71280f1000 rw-p 00000000 00:00 0                          [stack:20237]
7f71280f1000-7f71280f2000 ---p 00000000 00:00 0 
7f71280f2000-7f7129000000 rw-p 00000000 00:00 0                          [stack:20222]
7f7129000000-7f7129270000 rwxp 00000000 00:00 0 
7f7129270000-7f712c2d8000 rw-p 00000000 00:00 0 
7f712c2d8000-7f7130000000 ---p 00000000 00:00 0 
7f7130003000-7f7130005000 rw-p 00000000 00:00 0 
7f7130005000-7f7130007000 rw-s 00000000 08:01 3804034                    /tmp/gl9rRwEA (deleted)
7f7130007000-7f713000e000 rw-s 305761000 00:05 10186                     /dev/nvidia0
7f713000e000-7f713000f000 rw-s 35f233000 00:05 10186                     /dev/nvidia0
7f713000f000-7f7130013000 rw-s 2e6768000 00:05 10186                     /dev/nvidia0
7f7130013000-7f7130014000 rw-s cfeee000 00:05 10186                      /dev/nvidia0
7f7130014000-7f7130015000 rw-s cfeed000 00:05 10186                      /dev/nvidia0
7f7130015000-7f7130016000 rw-s cfeec000 00:05 10186                      /dev/nvidia0
7f7130016000-7f713002b000 rw-s 4191c8000 00:05 10186                     /dev/nvidia0
7f713002b000-7f7130032000 r--s 00000000 08:01 658173                     /usr/lib/x86_64-linux-gnu/gconv/gconv-modules.cache
7f7130032000-7f7130eb3000 rw-p 00000000 00:00 0 
7f7130eb3000-7f7131070000 r--s 039bf000 08:01 663407                     /usr/lib/jvm/java-7-oracle/jre/lib/rt.jar
7f7131070000-7f71319b4000 rw-p 00000000 00:00 0 
7f71319b4000-7f71319b5000 ---p 00000000 00:00 0 
7f71319b5000-7f7131ab5000 rw-p 00000000 00:00 0                          [stack:20221]
7f7131ab5000-7f7131ab6000 ---p 00000000 00:00 0 
7f7131ab6000-7f7131bb6000 rw-p 00000000 00:00 0                          [stack:20220]
7f7131bb6000-7f7131bb7000 ---p 00000000 00:00 0 
7f7131bb7000-7f7131cb7000 rw-p 00000000 00:00 0                          [stack:20219]
7f7131cb7000-7f7131cb8000 ---p 00000000 00:00 0 
7f7131cb8000-7f7131db8000 rw-p 00000000 00:00 0                          [stack:20218]
7f7131db8000-7f7131db9000 ---p 00000000 00:00 0 
7f7131db9000-7f7131eb9000 rw-p 00000000 00:00 0                          [stack:20217]
7f7131eb9000-7f7131eba000 ---p 00000000 00:00 0 
7f7131eba000-7f7131fba000 rw-p 00000000 00:00 0                          [stack:20216]
7f7131fba000-7f7131fbb000 ---p 00000000 00:00 0 
7f7131fbb000-7f71320bb000 rw-p 00000000 00:00 0                          [stack:20215]
7f71320bb000-7f71320bc000 ---p 00000000 00:00 0 
7f71320bc000-7f71321c7000 rw-p 00000000 00:00 0                          [stack:20214]
7f71321c7000-7f71321e5000 rw-p 00000000 00:00 0 
7f71321e5000-7f7132239000 rw-p 00000000 00:00 0 
7f7132239000-7f713271c000 rw-p 00000000 00:00 0 
7f713271c000-7f7132727000 rw-p 00000000 00:00 0 
7f7132727000-7f7132745000 rw-p 00000000 00:00 0 
7f7132745000-7f7132799000 rw-p 00000000 00:00 0 
7f7132799000-7f7132c7b000 rw-p 00000000 00:00 0 
7f7132c7b000-7f7132ca6000 rw-p 00000000 00:00 0 
7f7132ca6000-7f7132f17000 rw-p 00000000 00:00 0 
7f7132f17000-7f7132f18000 rw-p 00000000 00:00 0 
7f7132f18000-7f7132f32000 r-xp 00000000 08:01 1056145                    /usr/lib/jvm/java-7-oracle/jre/lib/amd64/libzip.so
7f7132f32000-7f7133132000 ---p 0001a000 08:01 1056145                    /usr/lib/jvm/java-7-oracle/jre/lib/amd64/libzip.so
7f7133132000-7f7133133000 rw-p 0001a000 08:01 1056145                    /usr/lib/jvm/java-7-oracle/jre/lib/amd64/libzip.so
7f7133133000-7f713313f000 r-xp 00000000 08:01 5246904                    /lib/x86_64-linux-gnu/libnss_files-2.17.so
7f713313f000-7f713333e000 ---p 0000c000 08:01 5246904                    /lib/x86_64-linux-gnu/libnss_files-2.17.so
7f713333e000-7f713333f000 r--p 0000b000 08:01 5246904                    /lib/x86_64-linux-gnu/libnss_files-2.17.so
7f713333f000-7f7133340000 rw-p 0000c000 08:01 5246904                    /lib/x86_64-linux-gnu/libnss_files-2.17.so
7f7133340000-7f713334b000 r-xp 00000000 08:01 5246908                    /lib/x86_64-linux-gnu/libnss_nis-2.17.so
7f713334b000-7f713354a000 ---p 0000b000 08:01 5246908                    /lib/x86_64-linux-gnu/libnss_nis-2.17.so
7f713354a000-7f713354b000 r--p 0000a000 08:01 5246908                    /lib/x86_64-linux-gnu/libnss_nis-2.17.so
7f713354b000-7f713354c000 rw-p 0000b000 08:01 5246908                    /lib/x86_64-linux-gnu/libnss_nis-2.17.so
7f713354c000-7f7133563000 r-xp 00000000 08:01 5246898                    /lib/x86_64-linux-gnu/libnsl-2.17.so
7f7133563000-7f7133762000 ---p 00017000 08:01 5246898                    /lib/x86_64-linux-gnu/libnsl-2.17.so
7f7133762000-7f7133763000 r--p 00016000 08:01 5246898                    /lib/x86_64-linux-gnu/libnsl-2.17.so
7f7133763000-7f7133764000 rw-p 00017000 08:01 5246898                    /lib/x86_64-linux-gnu/libnsl-2.17.so
7f7133764000-7f7133766000 rw-p 00000000 00:00 0 
7f7133766000-7f713376e000 r-xp 00000000 08:01 5246900                    /lib/x86_64-linux-gnu/libnss_compat-2.17.so
7f713376e000-7f713396d000 ---p 00008000 08:01 5246900                    /lib/x86_64-linux-gnu/libnss_compat-2.17.so
7f713396d000-7f713396e000 r--p 00007000 08:01 5246900                    /lib/x86_64-linux-gnu/libnss_compat-2.17.so
7f713396e000-7f713396f000 rw-p 00008000 08:01 5246900                    /lib/x86_64-linux-gnu/libnss_compat-2.17.so
7f713396f000-7f7133998000 r-xp 00000000 08:01 1056153                    /usr/lib/jvm/java-7-oracle/jre/lib/amd64/libjava.so
7f7133998000-7f7133b98000 ---p 00029000 08:01 1056153                    /usr/lib/jvm/java-7-oracle/jre/lib/amd64/libjava.so
7f7133b98000-7f7133b9a000 rw-p 00029000 08:01 1056153                    /usr/lib/jvm/java-7-oracle/jre/lib/amd64/libjava.so
7f7133b9a000-7f7133ba7000 r-xp 00000000 08:01 1056152                    /usr/lib/jvm/java-7-oracle/jre/lib/amd64/libverify.so
7f7133ba7000-7f7133da6000 ---p 0000d000 08:01 1056152                    /usr/lib/jvm/java-7-oracle/jre/lib/amd64/libverify.so
7f7133da6000-7f7133da8000 rw-p 0000c000 08:01 1056152                    /usr/lib/jvm/java-7-oracle/jre/lib/amd64/libverify.so
7f7133da8000-7f7133daf000 r-xp 00000000 08:01 5246951                    /lib/x86_64-linux-gnu/librt-2.17.so
7f7133daf000-7f7133fae000 ---p 00007000 08:01 5246951                    /lib/x86_64-linux-gnu/librt-2.17.so
7f7133fae000-7f7133faf000 r--p 00006000 08:01 5246951                    /lib/x86_64-linux-gnu/librt-2.17.so
7f7133faf000-7f7133fb0000 rw-p 00007000 08:01 5246951                    /lib/x86_64-linux-gnu/librt-2.17.so
7f7133fb0000-7f71340b3000 r-xp 00000000 08:01 5246879                    /lib/x86_64-linux-gnu/libm-2.17.so
7f71340b3000-7f71342b2000 ---p 00103000 08:01 5246879                    /lib/x86_64-linux-gnu/libm-2.17.so
7f71342b2000-7f71342b3000 r--p 00102000 08:01 5246879                    /lib/x86_64-linux-gnu/libm-2.17.so
7f71342b3000-7f71342b4000 rw-p 00103000 08:01 5246879                    /lib/x86_64-linux-gnu/libm-2.17.so
7f71342b4000-7f7134e16000 r-xp 00000000 08:01 1056140                    /usr/lib/jvm/java-7-oracle/jre/lib/amd64/server/libjvm.so
7f7134e16000-7f7135016000 ---p 00b62000 08:01 1056140                    /usr/lib/jvm/java-7-oracle/jre/lib/amd64/server/libjvm.so
7f7135016000-7f71350d9000 rw-p 00b62000 08:01 1056140                    /usr/lib/jvm/java-7-oracle/jre/lib/amd64/server/libjvm.so
7f71350d9000-7f713511a000 rw-p 00000000 00:00 0 
7f713511a000-7f71352d7000 r-xp 00000000 08:01 5246828                    /lib/x86_64-linux-gnu/libc-2.17.so
7f71352d7000-7f71354d7000 ---p 001bd000 08:01 5246828                    /lib/x86_64-linux-gnu/libc-2.17.so
7f71354d7000-7f71354db000 r--p 001bd000 08:01 5246828                    /lib/x86_64-linux-gnu/libc-2.17.so
7f71354db000-7f71354dd000 rw-p 001c1000 08:01 5246828                    /lib/x86_64-linux-gnu/libc-2.17.so
7f71354dd000-7f71354e2000 rw-p 00000000 00:00 0 
7f71354e2000-7f71354e5000 r-xp 00000000 08:01 5246843                    /lib/x86_64-linux-gnu/libdl-2.17.so
7f71354e5000-7f71356e4000 ---p 00003000 08:01 5246843                    /lib/x86_64-linux-gnu/libdl-2.17.so
7f71356e4000-7f71356e5000 r--p 00002000 08:01 5246843                    /lib/x86_64-linux-gnu/libdl-2.17.so
7f71356e5000-7f71356e6000 rw-p 00003000 08:01 5246843                    /lib/x86_64-linux-gnu/libdl-2.17.so
7f71356e6000-7f71356fc000 r-xp 00000000 08:01 535699                     /usr/lib/jvm/java-7-oracle/lib/amd64/jli/libjli.so
7f71356fc000-7f71358fc000 ---p 00016000 08:01 535699                     /usr/lib/jvm/java-7-oracle/lib/amd64/jli/libjli.so
7f71358fc000-7f71358fd000 rw-p 00016000 08:01 535699                     /usr/lib/jvm/java-7-oracle/lib/amd64/jli/libjli.so
7f71358fd000-7f7135914000 r-xp 00000000 08:01 5246943                    /lib/x86_64-linux-gnu/libpthread-2.17.so
7f7135914000-7f7135b14000 ---p 00017000 08:01 5246943                    /lib/x86_64-linux-gnu/libpthread-2.17.so
7f7135b14000-7f7135b15000 r--p 00017000 08:01 5246943                    /lib/x86_64-linux-gnu/libpthread-2.17.so
7f7135b15000-7f7135b16000 rw-p 00018000 08:01 5246943                    /lib/x86_64-linux-gnu/libpthread-2.17.so
7f7135b16000-7f7135b1a000 rw-p 00000000 00:00 0 
7f7135b1a000-7f7135b3d000 r-xp 00000000 08:01 5246804                    /lib/x86_64-linux-gnu/ld-2.17.so
7f7135b3d000-7f7135b3e000 rw-s d4641000 00:05 10186                      /dev/nvidia0
7f7135b3e000-7f7135b3f000 rw-s 424fa9000 00:05 10186                     /dev/nvidia0
7f7135b3f000-7f7135b40000 rw-s 328389000 00:05 10186                     /dev/nvidia0
7f7135b40000-7f7135b41000 rw-s d4060000 00:05 10186                      /dev/nvidia0
7f7135b41000-7f7135b42000 r--s 00127000 08:06 4326268                    /home/edmundas/workspace/dots-desktop/libs/gdx-natives.jar
7f7135b42000-7f7135b44000 r--s 001a1000 08:06 4326269                    /home/edmundas/workspace/dots-desktop/libs/gdx-backend-lwjgl-natives.jar
7f7135b44000-7f7135b5a000 r--s 00154000 08:06 4326254                    /home/edmundas/workspace/dots/libs/gdx.jar
7f7135b5a000-7f7135b64000 rw-p 00000000 00:00 0 
7f7135b64000-7f7135c1a000 rw-p 00000000 00:00 0 
7f7135c1a000-7f7135c1d000 ---p 00000000 00:00 0 
7f7135c1d000-7f7135d1f000 rw-p 00000000 00:00 0                          [stack:20213]
7f7135d1f000-7f7135d30000 r--s 0012b000 08:06 4326270                    /home/edmundas/workspace/dots-desktop/libs/gdx-backend-lwjgl.jar
7f7135d30000-7f7135d38000 rw-s 00000000 08:01 3804027                    /tmp/hsperfdata_edmundas/20208
7f7135d38000-7f7135d39000 rw-p 00000000 00:00 0 
7f7135d39000-7f7135d3a000 r--p 00000000 00:00 0 
7f7135d3a000-7f7135d3c000 rw-p 00000000 00:00 0 
7f7135d3c000-7f7135d3d000 r--p 00022000 08:01 5246804                    /lib/x86_64-linux-gnu/ld-2.17.so
7f7135d3d000-7f7135d3f000 rw-p 00023000 08:01 5246804                    /lib/x86_64-linux-gnu/ld-2.17.so
7fffb1ec6000-7fffb1ee7000 rw-p 00000000 00:00 0                          [stack]
7fffb1ffe000-7fffb2000000 r-xp 00000000 00:00 0                          [vdso]
ffffffffff600000-ffffffffff601000 r-xp 00000000 00:00 0                  [vsyscall]

VM Arguments:
jvm_args: -Dfile.encoding=UTF-8 
java_command: com.home.dots.Main
Launcher Type: SUN_STANDARD

Environment Variables:
PATH=/usr/lib/lightdm/lightdm:/usr/local/sbin:/usr/local/bin:/usr/sbin:/usr/bin:/sbin:/bin:/usr/games:/usr/local/games
SHELL=/bin/bash
DISPLAY=:0.0

Signal Handlers:
SIGSEGV: [libjvm.so+0x993870], sa_mask[0]=0x7ffbfeff, sa_flags=0x10000004
SIGBUS: [libjvm.so+0x993870], sa_mask[0]=0x7ffbfeff, sa_flags=0x10000004
SIGFPE: [libjvm.so+0x8105b0], sa_mask[0]=0x7ffbfeff, sa_flags=0x10000004
SIGPIPE: [libjvm.so+0x8105b0], sa_mask[0]=0x7ffbfeff, sa_flags=0x10000004
SIGXFSZ: [libjvm.so+0x8105b0], sa_mask[0]=0x7ffbfeff, sa_flags=0x10000004
SIGILL: [libjvm.so+0x8105b0], sa_mask[0]=0x7ffbfeff, sa_flags=0x10000004
SIGUSR1: SIG_DFL, sa_mask[0]=0x00000000, sa_flags=0x00000000
SIGUSR2: [libjvm.so+0x811aa0], sa_mask[0]=0x00000004, sa_flags=0x10000004
SIGHUP: [libjvm.so+0x812a10], sa_mask[0]=0x7ffbfeff, sa_flags=0x10000004
SIGINT: [libjvm.so+0x812a10], sa_mask[0]=0x7ffbfeff, sa_flags=0x10000004
SIGTERM: [libjvm.so+0x812a10], sa_mask[0]=0x7ffbfeff, sa_flags=0x10000004
SIGQUIT: [libjvm.so+0x812a10], sa_mask[0]=0x7ffbfeff, sa_flags=0x10000004


---------------  S Y S T E M  ---------------

OS:wheezy/sid

uname:Linux 3.11.0-15-generic #25-Ubuntu SMP Thu Jan 30 17:22:01 UTC 2014 x86_64
libc:glibc 2.17 NPTL 2.17 
rlimit: STACK 8192k, CORE 0k, NPROC 127918, NOFILE 4096, AS infinity
load average:0,58 0,46 0,33

/proc/meminfo:
MemTotal:       16393872 kB
MemFree:        11581616 kB
Buffers:          333388 kB
Cached:          1766472 kB
SwapCached:            0 kB
Active:          3163864 kB
Inactive:        1165676 kB
Active(anon):    2230832 kB
Inactive(anon):    38564 kB
Active(file):     933032 kB
Inactive(file):  1127112 kB
Unevictable:         220 kB
Mlocked:             220 kB
SwapTotal:      16015356 kB
SwapFree:       16015356 kB
Dirty:               844 kB
Writeback:             0 kB
AnonPages:       2230352 kB
Mapped:           327280 kB
Shmem:             39852 kB
Slab:             225996 kB
SReclaimable:     182592 kB
SUnreclaim:        43404 kB
KernelStack:        5144 kB
PageTables:        46200 kB
NFS_Unstable:          0 kB
Bounce:                0 kB
WritebackTmp:          0 kB
CommitLimit:    24212292 kB
Committed_AS:    7513980 kB
VmallocTotal:   34359738367 kB
VmallocUsed:      137292 kB
VmallocChunk:   34359597564 kB
HardwareCorrupted:     0 kB
AnonHugePages:         0 kB
HugePages_Total:       0
HugePages_Free:        0
HugePages_Rsvd:        0
HugePages_Surp:        0
Hugepagesize:       2048 kB
DirectMap4k:      240188 kB
DirectMap2M:    16496640 kB


CPU:total 8 (4 cores per cpu, 2 threads per core) family 6 model 42 stepping 7, cmov, cx8, fxsr, mmx, sse, sse2, sse3, ssse3, sse4.1, sse4.2, popcnt, avx, aes, ht, tsc, tscinvbit

/proc/cpuinfo:
processor	: 0
vendor_id	: GenuineIntel
cpu family	: 6
model		: 42
model name	: Intel(R) Core(TM) i7-2670QM CPU @ 2.20GHz
stepping	: 7
microcode	: 0x23
cpu MHz		: 800.000
cache size	: 6144 KB
physical id	: 0
siblings	: 8
core id		: 0
cpu cores	: 4
apicid		: 0
initial apicid	: 0
fpu		: yes
fpu_exception	: yes
cpuid level	: 13
wp		: yes
flags		: fpu vme de pse tsc msr pae mce cx8 apic sep mtrr pge mca cmov pat pse36 clflush dts acpi mmx fxsr sse sse2 ss ht tm pbe syscall nx rdtscp lm constant_tsc arch_perfmon pebs bts nopl xtopology nonstop_tsc aperfmperf eagerfpu pni pclmulqdq dtes64 monitor ds_cpl vmx est tm2 ssse3 cx16 xtpr pdcm pcid sse4_1 sse4_2 x2apic popcnt tsc_deadline_timer aes xsave avx lahf_lm ida arat epb xsaveopt pln pts dtherm tpr_shadow vnmi flexpriority ept vpid
bogomips	: 4390.18
clflush size	: 64
cache_alignment	: 64
address sizes	: 36 bits physical, 48 bits virtual
power management:

processor	: 1
vendor_id	: GenuineIntel
cpu family	: 6
model		: 42
model name	: Intel(R) Core(TM) i7-2670QM CPU @ 2.20GHz
stepping	: 7
microcode	: 0x23
cpu MHz		: 800.000
cache size	: 6144 KB
physical id	: 0
siblings	: 8
core id		: 0
cpu cores	: 4
apicid		: 1
initial apicid	: 1
fpu		: yes
fpu_exception	: yes
cpuid level	: 13
wp		: yes
flags		: fpu vme de pse tsc msr pae mce cx8 apic sep mtrr pge mca cmov pat pse36 clflush dts acpi mmx fxsr sse sse2 ss ht tm pbe syscall nx rdtscp lm constant_tsc arch_perfmon pebs bts nopl xtopology nonstop_tsc aperfmperf eagerfpu pni pclmulqdq dtes64 monitor ds_cpl vmx est tm2 ssse3 cx16 xtpr pdcm pcid sse4_1 sse4_2 x2apic popcnt tsc_deadline_timer aes xsave avx lahf_lm ida arat epb xsaveopt pln pts dtherm tpr_shadow vnmi flexpriority ept vpid
bogomips	: 4390.18
clflush size	: 64
cache_alignment	: 64
address sizes	: 36 bits physical, 48 bits virtual
power management:

processor	: 2
vendor_id	: GenuineIntel
cpu family	: 6
model		: 42
model name	: Intel(R) Core(TM) i7-2670QM CPU @ 2.20GHz
stepping	: 7
microcode	: 0x23
cpu MHz		: 800.000
cache size	: 6144 KB
physical id	: 0
siblings	: 8
core id		: 1
cpu cores	: 4
apicid		: 2
initial apicid	: 2
fpu		: yes
fpu_exception	: yes
cpuid level	: 13
wp		: yes
flags		: fpu vme de pse tsc msr pae mce cx8 apic sep mtrr pge mca cmov pat pse36 clflush dts acpi mmx fxsr sse sse2 ss ht tm pbe syscall nx rdtscp lm constant_tsc arch_perfmon pebs bts nopl xtopology nonstop_tsc aperfmperf eagerfpu pni pclmulqdq dtes64 monitor ds_cpl vmx est tm2 ssse3 cx16 xtpr pdcm pcid sse4_1 sse4_2 x2apic popcnt tsc_deadline_timer aes xsave avx lahf_lm ida arat epb xsaveopt pln pts dtherm tpr_shadow vnmi flexpriority ept vpid
bogomips	: 4390.18
clflush size	: 64
cache_alignment	: 64
address sizes	: 36 bits physical, 48 bits virtual
power management:

processor	: 3
vendor_id	: GenuineIntel
cpu family	: 6
model		: 42
model name	: Intel(R) Core(TM) i7-2670QM CPU @ 2.20GHz
stepping	: 7
microcode	: 0x23
cpu MHz		: 2201.000
cache size	: 6144 KB
physical id	: 0
siblings	: 8
core id		: 1
cpu cores	: 4
apicid		: 3
initial apicid	: 3
fpu		: yes
fpu_exception	: yes
cpuid level	: 13
wp		: yes
flags		: fpu vme de pse tsc msr pae mce cx8 apic sep mtrr pge mca cmov pat pse36 clflush dts acpi mmx fxsr sse sse2 ss ht tm pbe syscall nx rdtscp lm constant_tsc arch_perfmon pebs bts nopl xtopology nonstop_tsc aperfmperf eagerfpu pni pclmulqdq dtes64 monitor ds_cpl vmx est tm2 ssse3 cx16 xtpr pdcm pcid sse4_1 sse4_2 x2apic popcnt tsc_deadline_timer aes xsave avx lahf_lm ida arat epb xsaveopt pln pts dtherm tpr_shadow vnmi flexpriority ept vpid
bogomips	: 4390.18
clflush size	: 64
cache_alignment	: 64
address sizes	: 36 bits physical, 48 bits virtual
power management:

processor	: 4
vendor_id	: GenuineIntel
cpu family	: 6
model		: 42
model name	: Intel(R) Core(TM) i7-2670QM CPU @ 2.20GHz
stepping	: 7
microcode	: 0x23
cpu MHz		: 2201.000
cache size	: 6144 KB
physical id	: 0
siblings	: 8
core id		: 2
cpu cores	: 4
apicid		: 4
initial apicid	: 4
fpu		: yes
fpu_exception	: yes
cpuid level	: 13
wp		: yes
flags		: fpu vme de pse tsc msr pae mce cx8 apic sep mtrr pge mca cmov pat pse36 clflush dts acpi mmx fxsr sse sse2 ss ht tm pbe syscall nx rdtscp lm constant_tsc arch_perfmon pebs bts nopl xtopology nonstop_tsc aperfmperf eagerfpu pni pclmulqdq dtes64 monitor ds_cpl vmx est tm2 ssse3 cx16 xtpr pdcm pcid sse4_1 sse4_2 x2apic popcnt tsc_deadline_timer aes xsave avx lahf_lm ida arat epb xsaveopt pln pts dtherm tpr_shadow vnmi flexpriority ept vpid
bogomips	: 4390.18
clflush size	: 64
cache_alignment	: 64
address sizes	: 36 bits physical, 48 bits virtual
power management:

processor	: 5
vendor_id	: GenuineIntel
cpu family	: 6
model		: 42
model name	: Intel(R) Core(TM) i7-2670QM CPU @ 2.20GHz
stepping	: 7
microcode	: 0x23
cpu MHz		: 800.000
cache size	: 6144 KB
physical id	: 0
siblings	: 8
core id		: 2
cpu cores	: 4
apicid		: 5
initial apicid	: 5
fpu		: yes
fpu_exception	: yes
cpuid level	: 13
wp		: yes
flags		: fpu vme de pse tsc msr pae mce cx8 apic sep mtrr pge mca cmov pat pse36 clflush dts acpi mmx fxsr sse sse2 ss ht tm pbe syscall nx rdtscp lm constant_tsc arch_perfmon pebs bts nopl xtopology nonstop_tsc aperfmperf eagerfpu pni pclmulqdq dtes64 monitor ds_cpl vmx est tm2 ssse3 cx16 xtpr pdcm pcid sse4_1 sse4_2 x2apic popcnt tsc_deadline_timer aes xsave avx lahf_lm ida arat epb xsaveopt pln pts dtherm tpr_shadow vnmi flexpriority ept vpid
bogomips	: 4390.18
clflush size	: 64
cache_alignment	: 64
address sizes	: 36 bits physical, 48 bits virtual
power management:

processor	: 6
vendor_id	: GenuineIntel
cpu family	: 6
model		: 42
model name	: Intel(R) Core(TM) i7-2670QM CPU @ 2.20GHz
stepping	: 7
microcode	: 0x23
cpu MHz		: 1300.000
cache size	: 6144 KB
physical id	: 0
siblings	: 8
core id		: 3
cpu cores	: 4
apicid		: 6
initial apicid	: 6
fpu		: yes
fpu_exception	: yes
cpuid level	: 13
wp		: yes
flags		: fpu vme de pse tsc msr pae mce cx8 apic sep mtrr pge mca cmov pat pse36 clflush dts acpi mmx fxsr sse sse2 ss ht tm pbe syscall nx rdtscp lm constant_tsc arch_perfmon pebs bts nopl xtopology nonstop_tsc aperfmperf eagerfpu pni pclmulqdq dtes64 monitor ds_cpl vmx est tm2 ssse3 cx16 xtpr pdcm pcid sse4_1 sse4_2 x2apic popcnt tsc_deadline_timer aes xsave avx lahf_lm ida arat epb xsaveopt pln pts dtherm tpr_shadow vnmi flexpriority ept vpid
bogomips	: 4390.18
clflush size	: 64
cache_alignment	: 64
address sizes	: 36 bits physical, 48 bits virtual
power management:

processor	: 7
vendor_id	: GenuineIntel
cpu family	: 6
model		: 42
model name	: Intel(R) Core(TM) i7-2670QM CPU @ 2.20GHz
stepping	: 7
microcode	: 0x23
cpu MHz		: 2201.000
cache size	: 6144 KB
physical id	: 0
siblings	: 8
core id		: 3
cpu cores	: 4
apicid		: 7
initial apicid	: 7
fpu		: yes
fpu_exception	: yes
cpuid level	: 13
wp		: yes
flags		: fpu vme de pse tsc msr pae mce cx8 apic sep mtrr pge mca cmov pat pse36 clflush dts acpi mmx fxsr sse sse2 ss ht tm pbe syscall nx rdtscp lm constant_tsc arch_perfmon pebs bts nopl xtopology nonstop_tsc aperfmperf eagerfpu pni pclmulqdq dtes64 monitor ds_cpl vmx est tm2 ssse3 cx16 xtpr pdcm pcid sse4_1 sse4_2 x2apic popcnt tsc_deadline_timer aes xsave avx lahf_lm ida arat epb xsaveopt pln pts dtherm tpr_shadow vnmi flexpriority ept vpid
bogomips	: 4390.18
clflush size	: 64
cache_alignment	: 64
address sizes	: 36 bits physical, 48 bits virtual
power management:



Memory: 4k page, physical 16393872k(11581616k free), swap 16015356k(16015356k free)

vm_info: Java HotSpot(TM) 64-Bit Server VM (24.51-b03) for linux-amd64 JRE (1.7.0_51-b13), built on Dec 18 2013 18:48:01 by "java_re" with gcc 4.3.0 20080428 (Red Hat 4.3.0-8)

time: Fri Feb 21 00:40:18 2014
elapsed time: 13 seconds

