#
# A fatal error has been detected by the Java Runtime Environment:
#
#  SIGBUS (0x7) at pc=0x00007fda404e7740, pid=9680, tid=140574983759616
#
# JRE version: Java(TM) SE Runtime Environment (7.0_51-b13) (build 1.7.0_51-b13)
# Java VM: Java HotSpot(TM) 64-Bit Server VM (24.51-b03 mixed mode linux-amd64 compressed oops)
# Problematic frame:
# 
[error occurred during error reporting (printing problematic frame), id 0x7]

# Failed to write core dump. Core dumps have been disabled. To enable core dumping, try "ulimit -c unlimited" before starting Java again
#
# If you would like to submit a bug report, please visit:
#   http://bugreport.sun.com/bugreport/crash.jsp
#

---------------  T H R E A D  ---------------

Current thread is native thread

siginfo:si_signo=SIGBUS: si_errno=0, si_code=2 (BUS_ADRERR), si_addr=0x00007fda404e7740

Registers:
RAX=0x0000000000000000, RBX=0x00007fda29f89e00, RCX=0x00007fda55bb741d, RDX=0x0000000000000000
RSP=0x00007fda29f89df0, RBP=0x00007fda501c9880, RSI=0x00007fda29f89df0, RDI=0x0000000000000000
R8 =0x00007fda501c9b40, R9 =0x0000000000000000, R10=0x00007fda501ce1c4, R11=0x0000000000000000
R12=0x0000000000000000, R13=0x00007fda501ce1a0, R14=0x0000000000000008, R15=0x00007fda29f89e58
RIP=0x00007fda404e7740, EFLAGS=0x0000000000010217, CSGSFS=0x0000000000000033, ERR=0x0000000000000014
  TRAPNO=0x000000000000000e

Top of Stack: (sp=0x00007fda29f89df0)
0x00007fda29f89df0:   00007fda501cdc80 00007fda2bdde1de
0x00007fda29f89e00:   0000000000000000 00000000000f4240
0x00007fda29f89e10:   00007fda501ce1a0 0000000000000328
0x00007fda29f89e20:   00007fda501c9880 00007fda404f35d3
0x00007fda29f89e30:   0000000000000000 00007fda29f89e50
0x00007fda29f89e40:   0000000000002000 00000000000063d8
0x00007fda29f89e50:   00007fd9e40af040 0000000000004000
0x00007fda29f89e60:   0000000000000000 00007fda501c9a30
0x00007fda29f89e70:   0000000000000000 0000000000000000
0x00007fda29f89e80:   00007fda55fe8060 00007fda55fc4350
0x00007fda29f89e90:   0000000000001000 00007fda404e673a
0x00007fda29f89ea0:   0000000000000000 00007fda55baff6e
0x00007fda29f89eb0:   0000000000000000 00007fda29f8a700
0x00007fda29f89ec0:   00007fda29f8a700 c0df3f681e695f38
0x00007fda29f89ed0:   0000000000000000 00007fda55fe8060
0x00007fda29f89ee0:   00007fda55fc4350 0000000000001000
0x00007fda29f89ef0:   3f6b6c9923095f38 3f6b941de0075f38
0x00007fda29f89f00:   0000000000000000 0000000000000000
0x00007fda29f89f10:   0000000000000000 0000000000000000
0x00007fda29f89f20:   0000000000000000 0000000000000000
0x00007fda29f89f30:   0000000000000000 0000000000000000
0x00007fda29f89f40:   0000000000000000 0000000000000000
0x00007fda29f89f50:   0000000000000000 0000000000000000
0x00007fda29f89f60:   0000000000000000 0000000000000000
0x00007fda29f89f70:   0000000000000000 0000000000000000
0x00007fda29f89f80:   0000000000000000 0000000000000000
0x00007fda29f89f90:   0000000000000000 0000000000000000
0x00007fda29f89fa0:   0000000000000000 0000000000000000
0x00007fda29f89fb0:   00007fda29f8a700 00007fda554bf9cd
0x00007fda29f89fc0:   0000000000000000 0000000000000000
0x00007fda29f89fd0:   0000000000000000 0000000000000000
0x00007fda29f89fe0:   0000000000000000 0000000000000000 

Instructions: (pc=0x00007fda404e7740)
0x00007fda404e7720:   
[error occurred during error reporting (printing registers, top of stack, instructions near pc), id 0x7]

Register to memory mapping:

RAX=0x0000000000000000 is an unknown value
RBX=0x00007fda29f89e00 is an unknown value
RCX=0x00007fda55bb741d: __nanosleep+0x2d in /lib/x86_64-linux-gnu/libpthread.so.0 at 0x00007fda55ba8000
RDX=0x0000000000000000 is an unknown value
RSP=0x00007fda29f89df0 is an unknown value
RBP=0x00007fda501c9880 is an unknown value
RSI=0x00007fda29f89df0 is an unknown value
RDI=0x0000000000000000 is an unknown value
R8 =0x00007fda501c9b40 is an unknown value
R9 =0x0000000000000000 is an unknown value
R10=0x00007fda501ce1c4 is an unknown value
R11=0x0000000000000000 is an unknown value
R12=0x0000000000000000 is an unknown value
R13=0x00007fda501ce1a0 is an unknown value
R14=0x0000000000000008 is an unknown value
R15=0x00007fda29f89e58 is an unknown value


Stack: [0x00007fda29e8a000,0x00007fda29f8b000],  sp=0x00007fda29f89df0,  free space=1023k
Native frames: (J=compiled Java code, j=interpreted, Vv=VM code, C=native code)

[error occurred during error reporting (printing native stack), id 0x7]


---------------  P R O C E S S  ---------------

VM state:not at safepoint (normal execution)

VM Mutex/Monitor currently owned by a thread: None

Heap
 PSYoungGen      total 78336K, used 23671K [0x00000007ac900000, 0x00000007b2880000, 0x0000000800000000)
  eden space 60928K, 15% used [0x00000007ac900000,0x00000007ad241eb0,0x00000007b0480000)
  from space 17408K, 81% used [0x00000007b0580000,0x00000007b135bf30,0x00000007b1680000)
  to   space 18432K, 0% used [0x00000007b1680000,0x00000007b1680000,0x00000007b2880000)
 ParOldGen       total 170496K, used 7295K [0x0000000705c00000, 0x0000000710280000, 0x00000007ac900000)
  object space 170496K, 4% used [0x0000000705c00000,0x000000070631ff20,0x0000000710280000)
 PSPermGen       total 21504K, used 8099K [0x0000000700a00000, 0x0000000701f00000, 0x0000000705c00000)
  object space 21504K, 37% used [0x0000000700a00000,0x00000007011e8d28,0x0000000701f00000)

Card table byte_map: [0x00007fda4b974000,0x00007fda4c170000] byte_map_base: 0x00007fda4816f000

Polling page: 0x00007fda55fe4000

Code Cache  [0x00007fda4c170000, 0x00007fda4c3e0000, 0x00007fda4f170000)
 total_blobs=744 nmethods=265 adapters=432 free_code_cache=48215Kb largest_free_block=49334592

Compilation events (10 events):
Event: 57,499 Thread 0x00007fda5009a800  263             org.lwjgl.opengl.GL20::glGetProgram (31 bytes)
Event: 57,502 Thread 0x00007fda5009a800 nmethod 263 0x00007fda4c255a10 code [0x00007fda4c255b80, 0x00007fda4c255ce8]
Event: 57,900 Thread 0x00007fda5009d800  264             org.lwjgl.opengl.Sync::getTime (12 bytes)
Event: 57,901 Thread 0x00007fda5009d800 nmethod 264 0x00007fda4c2557d0 code [0x00007fda4c255900, 0x00007fda4c255978]
Event: 62,433 Thread 0x00007fda5009a800  265             java.util.ArrayList::clear (39 bytes)
Event: 62,434 Thread 0x00007fda5009a800 nmethod 265 0x00007fda4c255510 code [0x00007fda4c255640, 0x00007fda4c2556f8]
Event: 63,083 Thread 0x00007fda5009d800  266             java.nio.HeapByteBuffer::put (167 bytes)
Event: 63,086 Thread 0x00007fda5009d800 nmethod 266 0x00007fda4c22cb90 code [0x00007fda4c22cd00, 0x00007fda4c22cfb8]
Event: 63,567 Thread 0x00007fda5009a800  267             java.lang.Object::equals (11 bytes)
Event: 63,568 Thread 0x00007fda5009a800 nmethod 267 0x00007fda4c257c50 code [0x00007fda4c257d80, 0x00007fda4c257df8]

GC Heap History (10 events):
Event: 25,400 GC heap before
{Heap before GC invocations=3 (full 0):
 PSYoungGen      total 75264K, used 71633K [0x00000007ac900000, 0x00000007b1c80000, 0x0000000800000000)
  eden space 65024K, 99% used [0x00000007ac900000,0x00000007b086d698,0x00000007b0880000)
  from space 10240K, 65% used [0x00000007b1280000,0x00000007b1907120,0x00000007b1c80000)
  to   space 10240K, 0% used [0x00000007b0880000,0x00000007b0880000,0x00000007b1280000)
 ParOldGen       total 170496K, used 16K [0x0000000705c00000, 0x0000000710280000, 0x00000007ac900000)
  object space 170496K, 0% used [0x0000000705c00000,0x0000000705c04000,0x0000000710280000)
 PSPermGen       total 21504K, used 8003K [0x0000000700a00000, 0x0000000701f00000, 0x0000000705c00000)
  object space 21504K, 37% used [0x0000000700a00000,0x00000007011d0c10,0x0000000701f00000)
Event: 25,411 GC heap after
Heap after GC invocations=3 (full 0):
 PSYoungGen      total 75264K, used 9388K [0x00000007ac900000, 0x00000007b1c80000, 0x0000000800000000)
  eden space 65024K, 0% used [0x00000007ac900000,0x00000007ac900000,0x00000007b0880000)
  from space 10240K, 91% used [0x00000007b0880000,0x00000007b11ab130,0x00000007b1280000)
  to   space 10240K, 0% used [0x00000007b1280000,0x00000007b1280000,0x00000007b1c80000)
 ParOldGen       total 170496K, used 24K [0x0000000705c00000, 0x0000000710280000, 0x00000007ac900000)
  object space 170496K, 0% used [0x0000000705c00000,0x0000000705c06000,0x0000000710280000)
 PSPermGen       total 21504K, used 8003K [0x0000000700a00000, 0x0000000701f00000, 0x0000000705c00000)
  object space 21504K, 37% used [0x0000000700a00000,0x00000007011d0c10,0x0000000701f00000)
}
Event: 34,353 GC heap before
{Heap before GC invocations=4 (full 0):
 PSYoungGen      total 75264K, used 74396K [0x00000007ac900000, 0x00000007b1c80000, 0x0000000800000000)
  eden space 65024K, 99% used [0x00000007ac900000,0x00000007b087c030,0x00000007b0880000)
  from space 10240K, 91% used [0x00000007b0880000,0x00000007b11ab130,0x00000007b1280000)
  to   space 10240K, 0% used [0x00000007b1280000,0x00000007b1280000,0x00000007b1c80000)
 ParOldGen       total 170496K, used 24K [0x0000000705c00000, 0x0000000710280000, 0x00000007ac900000)
  object space 170496K, 0% used [0x0000000705c00000,0x0000000705c06000,0x0000000710280000)
 PSPermGen       total 21504K, used 8028K [0x0000000700a00000, 0x0000000701f00000, 0x0000000705c00000)
  object space 21504K, 37% used [0x0000000700a00000,0x00000007011d7320,0x0000000701f00000)
Event: 34,364 GC heap after
Heap after GC invocations=4 (full 0):
 PSYoungGen      total 75264K, used 10216K [0x00000007ac900000, 0x00000007b1c80000, 0x0000000800000000)
  eden space 65024K, 0% used [0x00000007ac900000,0x00000007ac900000,0x00000007b0880000)
  from space 10240K, 99% used [0x00000007b1280000,0x00000007b1c7a2a8,0x00000007b1c80000)
  to   space 10240K, 0% used [0x00000007b0880000,0x00000007b0880000,0x00000007b1280000)
 ParOldGen       total 170496K, used 1992K [0x0000000705c00000, 0x0000000710280000, 0x00000007ac900000)
  object space 170496K, 1% used [0x0000000705c00000,0x0000000705df2000,0x0000000710280000)
 PSPermGen       total 21504K, used 8028K [0x0000000700a00000, 0x0000000701f00000, 0x0000000705c00000)
  object space 21504K, 37% used [0x0000000700a00000,0x00000007011d7320,0x0000000701f00000)
}
Event: 43,950 GC heap before
{Heap before GC invocations=5 (full 0):
 PSYoungGen      total 75264K, used 75194K [0x00000007ac900000, 0x00000007b1c80000, 0x0000000800000000)
  eden space 65024K, 99% used [0x00000007ac900000,0x00000007b0874608,0x00000007b0880000)
  from space 10240K, 99% used [0x00000007b1280000,0x00000007b1c7a2a8,0x00000007b1c80000)
  to   space 10240K, 0% used [0x00000007b0880000,0x00000007b0880000,0x00000007b1280000)
 ParOldGen       total 170496K, used 1992K [0x0000000705c00000, 0x0000000710280000, 0x00000007ac900000)
  object space 170496K, 1% used [0x0000000705c00000,0x0000000705df2000,0x0000000710280000)
 PSPermGen       total 21504K, used 8056K [0x0000000700a00000, 0x0000000701f00000, 0x0000000705c00000)
  object space 21504K, 37% used [0x0000000700a00000,0x00000007011de218,0x0000000701f00000)
Event: 43,963 GC heap after
Heap after GC invocations=5 (full 0):
 PSYoungGen      total 73728K, used 10233K [0x00000007ac900000, 0x00000007b2600000, 0x0000000800000000)
  eden space 63488K, 0% used [0x00000007ac900000,0x00000007ac900000,0x00000007b0700000)
  from space 10240K, 99% used [0x00000007b0880000,0x00000007b127e7a8,0x00000007b1280000)
  to   space 15872K, 0% used [0x00000007b1680000,0x00000007b1680000,0x00000007b2600000)
 ParOldGen       total 170496K, used 5288K [0x0000000705c00000, 0x0000000710280000, 0x00000007ac900000)
  object space 170496K, 3% used [0x0000000705c00000,0x000000070612a000,0x0000000710280000)
 PSPermGen       total 21504K, used 8056K [0x0000000700a00000, 0x0000000701f00000, 0x0000000705c00000)
  object space 21504K, 37% used [0x0000000700a00000,0x00000007011de218,0x0000000701f00000)
}
Event: 54,446 GC heap before
{Heap before GC invocations=6 (full 0):
 PSYoungGen      total 73728K, used 73721K [0x00000007ac900000, 0x00000007b2600000, 0x0000000800000000)
  eden space 63488K, 100% used [0x00000007ac900000,0x00000007b0700000,0x00000007b0700000)
  from space 10240K, 99% used [0x00000007b0880000,0x00000007b127e7a8,0x00000007b1280000)
  to   space 15872K, 0% used [0x00000007b1680000,0x00000007b1680000,0x00000007b2600000)
 ParOldGen       total 170496K, used 5288K [0x0000000705c00000, 0x0000000710280000, 0x00000007ac900000)
  object space 170496K, 3% used [0x0000000705c00000,0x000000070612a000,0x0000000710280000)
 PSPermGen       total 21504K, used 8064K [0x0000000700a00000, 0x0000000701f00000, 0x0000000705c00000)
  object space 21504K, 37% used [0x0000000700a00000,0x00000007011e03e0,0x0000000701f00000)
Event: 54,458 GC heap after
Heap after GC invocations=6 (full 0):
 PSYoungGen      total 77824K, used 13658K [0x00000007ac900000, 0x00000007b2780000, 0x0000000800000000)
  eden space 61952K, 0% used [0x00000007ac900000,0x00000007ac900000,0x00000007b0580000)
  from space 15872K, 86% used [0x00000007b1680000,0x00000007b23d6a18,0x00000007b2600000)
  to   space 17408K, 0% used [0x00000007b0580000,0x00000007b0580000,0x00000007b1680000)
 ParOldGen       total 170496K, used 5296K [0x0000000705c00000, 0x0000000710280000, 0x00000007ac900000)
  object space 170496K, 3% used [0x0000000705c00000,0x000000070612c000,0x0000000710280000)
 PSPermGen       total 21504K, used 8064K [0x0000000700a00000, 0x0000000701f00000, 0x0000000705c00000)
  object space 21504K, 37% used [0x0000000700a00000,0x00000007011e03e0,0x0000000701f00000)
}
Event: 64,733 GC heap before
{Heap before GC invocations=7 (full 0):
 PSYoungGen      total 77824K, used 75610K [0x00000007ac900000, 0x00000007b2780000, 0x0000000800000000)
  eden space 61952K, 100% used [0x00000007ac900000,0x00000007b0580000,0x00000007b0580000)
  from space 15872K, 86% used [0x00000007b1680000,0x00000007b23d6a18,0x00000007b2600000)
  to   space 17408K, 0% used [0x00000007b0580000,0x00000007b0580000,0x00000007b1680000)
 ParOldGen       total 170496K, used 5296K [0x0000000705c00000, 0x0000000710280000, 0x00000007ac900000)
  object space 170496K, 3% used [0x0000000705c00000,0x000000070612c000,0x0000000710280000)
 PSPermGen       total 21504K, used 8099K [0x0000000700a00000, 0x0000000701f00000, 0x0000000705c00000)
  object space 21504K, 37% used [0x0000000700a00000,0x00000007011e8d28,0x0000000701f00000)
Event: 64,751 GC heap after
Heap after GC invocations=7 (full 0):
 PSYoungGen      total 78336K, used 14191K [0x00000007ac900000, 0x00000007b2880000, 0x0000000800000000)
  eden space 60928K, 0% used [0x00000007ac900000,0x00000007ac900000,0x00000007b0480000)
  from space 17408K, 81% used [0x00000007b0580000,0x00000007b135bf30,0x00000007b1680000)
  to   space 18432K, 0% used [0x00000007b1680000,0x00000007b1680000,0x00000007b2880000)
 ParOldGen       total 170496K, used 7295K [0x0000000705c00000, 0x0000000710280000, 0x00000007ac900000)
  object space 170496K, 4% used [0x0000000705c00000,0x000000070631ff20,0x0000000710280000)
 PSPermGen       total 21504K, used 8099K [0x0000000700a00000, 0x0000000701f00000, 0x0000000705c00000)
  object space 21504K, 37% used [0x0000000700a00000,0x00000007011e8d28,0x0000000701f00000)
}

Deoptimization events (10 events):
Event: 11,001 Thread 0x00007fda502df000 Uncommon trap: reason=null_check action=make_not_entrant pc=0x00007fda4c22c9f8 method=com.badlogic.gdx.utils.ObjectIntMap.put(Ljava/lang/Object;I)V @ 43
Event: 15,667 Thread 0x00007fda502df000 Uncommon trap: reason=null_check action=make_not_entrant pc=0x00007fda4c238c5c method=com.badlogic.gdx.utils.ObjectIntMap.put(Ljava/lang/Object;I)V @ 75
Event: 20,751 Thread 0x00007fda502df000 Uncommon trap: reason=null_check action=make_not_entrant pc=0x00007fda4c23f0e0 method=com.badlogic.gdx.utils.ObjectIntMap.put(Ljava/lang/Object;I)V @ 107
Event: 30,484 Thread 0x00007fda502df000 Uncommon trap: reason=array_check action=maybe_recompile pc=0x00007fda4c23faf4 method=com.badlogic.gdx.utils.Array.add(Ljava/lang/Object;)V @ 46
Event: 30,485 Thread 0x00007fda502df000 Uncommon trap: reason=array_check action=maybe_recompile pc=0x00007fda4c23faf4 method=com.badlogic.gdx.utils.Array.add(Ljava/lang/Object;)V @ 46
Event: 32,818 Thread 0x00007fda502df000 Uncommon trap: reason=array_check action=maybe_recompile pc=0x00007fda4c23faf4 method=com.badlogic.gdx.utils.Array.add(Ljava/lang/Object;)V @ 46
Event: 32,819 Thread 0x00007fda502df000 Uncommon trap: reason=array_check action=maybe_recompile pc=0x00007fda4c23faf4 method=com.badlogic.gdx.utils.Array.add(Ljava/lang/Object;)V @ 46
Event: 34,364 Thread 0x00007fda50074800 Uncommon trap: reason=unreached action=reinterpret pc=0x00007fda4c23a388 method=sun.misc.Cleaner.remove(Lsun/misc/Cleaner;)Z @ 14
Event: 42,184 Thread 0x00007fda502df000 Uncommon trap: reason=unreached action=reinterpret pc=0x00007fda4c234634 method=java.util.concurrent.locks.AbstractQueuedSynchronizer.release(I)Z @ 14
Event: 42,184 Thread 0x00007fda502df000 Uncommon trap: reason=unreached action=reinterpret pc=0x00007fda4c23be90 method=java.util.concurrent.locks.AbstractQueuedSynchronizer.release(I)Z @ 14

Internal exceptions (10 events):
Event: 3,702 Thread 0x00007fda502df000 Threw 0x00000007ae7ddfe8 at /HUDSON/workspace/7u-2-build-linux-amd64@2/jdk7u51/527/hotspot/src/share/vm/prims/jvm.cpp:1244
Event: 3,702 Thread 0x00007fda502df000 Threw 0x00000007ae7f7de0 at /HUDSON/workspace/7u-2-build-linux-amd64@2/jdk7u51/527/hotspot/src/share/vm/prims/jvm.cpp:1244
Event: 4,384 Thread 0x00007fda502df000 Threw 0x00000007aefc2200 at /HUDSON/workspace/7u-2-build-linux-amd64@2/jdk7u51/527/hotspot/src/share/vm/prims/jvm.cpp:1244
Event: 11,001 Thread 0x00007fda502df000 Implicit null exception at 0x00007fda4c22c35f to 0x00007fda4c22c9d5
Event: 15,667 Thread 0x00007fda502df000 Implicit null exception at 0x00007fda4c2385ab to 0x00007fda4c238c39
Event: 20,751 Thread 0x00007fda502df000 Implicit null exception at 0x00007fda4c23eb2d to 0x00007fda4c23f0a1
Event: 42,184 Thread 0x00007fda502df000 Implicit null exception at 0x00007fda4c234511 to 0x00007fda4c234622
Event: 42,184 Thread 0x00007fda502df000 Implicit null exception at 0x00007fda4c23bd5d to 0x00007fda4c23be7e
Event: 42,184 Thread 0x00007fda502df000 Threw 0x00000007afdd8df0 at /HUDSON/workspace/7u-2-build-linux-amd64@2/jdk7u51/527/hotspot/src/share/vm/prims/jvm.cpp:1244
Event: 42,185 Thread 0x00007fda502df000 Threw 0x00000007afddd318 at /HUDSON/workspace/7u-2-build-linux-amd64@2/jdk7u51/527/hotspot/src/share/vm/prims/jvm.cpp:1244

Events (10 events):
Event: 43,965 Executing VM operation: RevokeBias done
Event: 43,965 Executing VM operation: RevokeBias
Event: 43,965 Executing VM operation: RevokeBias done
Event: 53,151 Thread 0x00007fda5009d800 flushing nmethod 0x00007fda4c22c0d0
Event: 54,446 Executing VM operation: ParallelGCFailedAllocation
Event: 54,458 Executing VM operation: ParallelGCFailedAllocation done
Event: 56,552 Thread 0x00007fda5009d800 flushing nmethod 0x00007fda4c2381d0
Event: 60,416 Thread 0x00007fd9d4011000 Thread exited: 0x00007fd9d4011000
Event: 64,733 Executing VM operation: ParallelGCFailedAllocation
Event: 64,751 Executing VM operation: ParallelGCFailedAllocation done


Dynamic libraries:
00400000-00401000 r-xp 00000000 08:01 405758                             /usr/lib/jvm/java-7-oracle/bin/java
00600000-00601000 rw-p 00000000 08:01 405758                             /usr/lib/jvm/java-7-oracle/bin/java
01c31000-01c52000 rw-p 00000000 00:00 0                                  [heap]
40041000-400de000 rw-p 00000000 00:00 0 
41c6d000-41c6f000 r-xs 00000000 08:01 3804031                            /tmp/glPz2RXI (deleted)
700a00000-701f00000 rw-p 00000000 00:00 0 
701f00000-705c00000 rw-p 00000000 00:00 0 
705c00000-710280000 rw-p 00000000 00:00 0 
710280000-7ac900000 rw-p 00000000 00:00 0 
7ac900000-7b2880000 rw-p 00000000 00:00 0 
7b2880000-800000000 rw-p 00000000 00:00 0 
7fd9b4000000-7fd9b4a32000 rw-p 00000000 00:00 0 
7fd9b4a32000-7fd9b8000000 ---p 00000000 00:00 0 
7fd9bc000000-7fd9bffee000 rw-p 00000000 00:00 0 
7fd9bffee000-7fd9c0000000 ---p 00000000 00:00 0 
7fd9c0000000-7fd9c4000000 rw-p 00000000 00:00 0 
7fd9c4000000-7fd9c7fff000 rw-p 00000000 00:00 0 
7fd9c7fff000-7fd9c8000000 ---p 00000000 00:00 0 
7fd9c8000000-7fd9cbff0000 rw-p 00000000 00:00 0 
7fd9cbff0000-7fd9cc000000 ---p 00000000 00:00 0 
7fd9cc000000-7fd9d3ff6000 rw-p 00000000 00:00 0 
7fd9d3ff6000-7fd9d4000000 ---p 00000000 00:00 0 
7fd9d4000000-7fd9d7fff000 rw-p 00000000 00:00 0 
7fd9d7fff000-7fd9d8000000 ---p 00000000 00:00 0 
7fd9d8000000-7fd9d8021000 rw-p 00000000 00:00 0 
7fd9d8021000-7fd9dc000000 ---p 00000000 00:00 0 
7fd9dc000000-7fd9dc021000 rw-p 00000000 00:00 0 
7fd9dc021000-7fd9e0000000 ---p 00000000 00:00 0 
7fd9e3fff000-7fd9e8000000 rw-s 00000000 00:13 260040                     /run/shm/pulse-shm-796213885
7fd9e8000000-7fd9e8021000 rw-p 00000000 00:00 0 
7fd9e8021000-7fd9ec000000 ---p 00000000 00:00 0 
7fd9ec000000-7fd9ec021000 rw-p 00000000 00:00 0 
7fd9ec021000-7fd9f0000000 ---p 00000000 00:00 0 
7fd9f0000000-7fd9f0021000 rw-p 00000000 00:00 0 
7fd9f0021000-7fd9f4000000 ---p 00000000 00:00 0 
7fd9f4000000-7fd9f4021000 rw-p 00000000 00:00 0 
7fd9f4021000-7fd9f8000000 ---p 00000000 00:00 0 
7fd9f8000000-7fd9f84c7000 rw-p 00000000 00:00 0 
7fd9f84c7000-7fd9fc000000 ---p 00000000 00:00 0 
7fd9fc000000-7fd9fc021000 rw-p 00000000 00:00 0 
7fd9fc021000-7fda00000000 ---p 00000000 00:00 0 
7fda00000000-7fda00021000 rw-p 00000000 00:00 0 
7fda00021000-7fda04000000 ---p 00000000 00:00 0 
7fda04000000-7fda043a8000 rw-p 00000000 00:00 0 
7fda043a8000-7fda08000000 ---p 00000000 00:00 0 
7fda08000000-7fda08021000 rw-p 00000000 00:00 0 
7fda08021000-7fda0c000000 ---p 00000000 00:00 0 
7fda0c000000-7fda0c021000 rw-p 00000000 00:00 0 
7fda0c021000-7fda10000000 ---p 00000000 00:00 0 
7fda10000000-7fda10021000 rw-p 00000000 00:00 0 
7fda10021000-7fda14000000 ---p 00000000 00:00 0 
7fda14050000-7fda1c000000 rw-p 00000000 00:00 0 
7fda1c000000-7fda1c021000 rw-p 00000000 00:00 0 
7fda1c021000-7fda20000000 ---p 00000000 00:00 0 
7fda21aa6000-7fda234f0000 r-xp 00000000 08:01 405400                     /usr/lib/nvidia-319-updates/libnvidia-glcore.so.319.60
7fda234f0000-7fda236ef000 ---p 01a4a000 08:01 405400                     /usr/lib/nvidia-319-updates/libnvidia-glcore.so.319.60
7fda236ef000-7fda23fe7000 rwxp 01a49000 08:01 405400                     /usr/lib/nvidia-319-updates/libnvidia-glcore.so.319.60
7fda23fe7000-7fda24000000 rwxp 00000000 00:00 0 
7fda24000000-7fda24021000 rw-p 00000000 00:00 0 
7fda24021000-7fda28000000 ---p 00000000 00:00 0 
7fda286d8000-7fda28ad8000 rw-s 34fa50000 00:05 9623                      /dev/nvidia0
7fda28ad8000-7fda28ed8000 rw-s 3a7c3f000 00:05 9623                      /dev/nvidia0
7fda28ed8000-7fda290d8000 rw-s 353a96000 00:05 9623                      /dev/nvidia0
7fda290d8000-7fda292d8000 rw-s 353b00000 00:05 9623                      /dev/nvidia0
7fda292d8000-7fda294d8000 rw-s 2d194c000 00:05 9623                      /dev/nvidia0
7fda294d8000-7fda296d8000 rw-s 34f81a000 00:05 9623                      /dev/nvidia0
7fda297d8000-7fda297f8000 rw-s c0120000 00:05 9623                       /dev/nvidia0
7fda297f8000-7fda29838000 rw-s 3cacc1000 00:05 9623                      /dev/nvidia0
7fda29838000-7fda29858000 rw-s 34cf83000 00:05 9623                      /dev/nvidia0
7fda29858000-7fda2985b000 r-xp 00000000 08:01 405405                     /usr/lib/nvidia-319-updates/tls/libnvidia-tls.so.319.60
7fda2985b000-7fda29a5a000 ---p 00003000 08:01 405405                     /usr/lib/nvidia-319-updates/tls/libnvidia-tls.so.319.60
7fda29a5a000-7fda29a5b000 rw-p 00002000 08:01 405405                     /usr/lib/nvidia-319-updates/tls/libnvidia-tls.so.319.60
7fda29a5b000-7fda29b35000 r-xp 00000000 08:01 402079                     /usr/lib/nvidia-319-updates/libGL.so.319.60
7fda29b35000-7fda29d34000 ---p 000da000 08:01 402079                     /usr/lib/nvidia-319-updates/libGL.so.319.60
7fda29d34000-7fda29d73000 rwxp 000d9000 08:01 402079                     /usr/lib/nvidia-319-updates/libGL.so.319.60
7fda29d73000-7fda29d89000 rwxp 00000000 00:00 0 
7fda29d89000-7fda29d8c000 ---p 00000000 00:00 0 
7fda29d8c000-7fda29e8a000 rw-p 00000000 00:00 0                          [stack:9708]
7fda29e8a000-7fda29e8b000 ---p 00000000 00:00 0 
7fda29e8b000-7fda29f8b000 rw-p 00000000 00:00 0                          [stack:9707]
7fda29f8b000-7fda29f8c000 ---p 00000000 00:00 0 
7fda29f8c000-7fda2a78c000 rw-p 00000000 00:00 0                          [stack:9706]
7fda2a78c000-7fda2a7a2000 r-xp 00000000 08:01 5246949                    /lib/x86_64-linux-gnu/libresolv-2.17.so
7fda2a7a2000-7fda2a9a2000 ---p 00016000 08:01 5246949                    /lib/x86_64-linux-gnu/libresolv-2.17.so
7fda2a9a2000-7fda2a9a3000 r--p 00016000 08:01 5246949                    /lib/x86_64-linux-gnu/libresolv-2.17.so
7fda2a9a3000-7fda2a9a4000 rw-p 00017000 08:01 5246949                    /lib/x86_64-linux-gnu/libresolv-2.17.so
7fda2a9a4000-7fda2a9a6000 rw-p 00000000 00:00 0 
7fda2a9a6000-7fda2a9ad000 r-xp 00000000 08:01 401867                     /usr/lib/x86_64-linux-gnu/libogg.so.0.8.1
7fda2a9ad000-7fda2abad000 ---p 00007000 08:01 401867                     /usr/lib/x86_64-linux-gnu/libogg.so.0.8.1
7fda2abad000-7fda2abae000 r--p 00007000 08:01 401867                     /usr/lib/x86_64-linux-gnu/libogg.so.0.8.1
7fda2abae000-7fda2abaf000 rw-p 00008000 08:01 401867                     /usr/lib/x86_64-linux-gnu/libogg.so.0.8.1
7fda2abaf000-7fda2abda000 r-xp 00000000 08:01 402098                     /usr/lib/x86_64-linux-gnu/libvorbis.so.0.4.5
7fda2abda000-7fda2adda000 ---p 0002b000 08:01 402098                     /usr/lib/x86_64-linux-gnu/libvorbis.so.0.4.5
7fda2adda000-7fda2addb000 r--p 0002b000 08:01 402098                     /usr/lib/x86_64-linux-gnu/libvorbis.so.0.4.5
7fda2addb000-7fda2addc000 rw-p 0002c000 08:01 402098                     /usr/lib/x86_64-linux-gnu/libvorbis.so.0.4.5
7fda2addc000-7fda2b08f000 r-xp 00000000 08:01 402100                     /usr/lib/x86_64-linux-gnu/libvorbisenc.so.2.0.8
7fda2b08f000-7fda2b28e000 ---p 002b3000 08:01 402100                     /usr/lib/x86_64-linux-gnu/libvorbisenc.so.2.0.8
7fda2b28e000-7fda2b2aa000 r--p 002b2000 08:01 402100                     /usr/lib/x86_64-linux-gnu/libvorbisenc.so.2.0.8
7fda2b2aa000-7fda2b2ab000 rw-p 002ce000 08:01 402100                     /usr/lib/x86_64-linux-gnu/libvorbisenc.so.2.0.8
7fda2b2ab000-7fda2b2da000 r-xp 00000000 08:01 401065                     /usr/lib/x86_64-linux-gnu/libFLAC.so.8.3.0
7fda2b2da000-7fda2b4da000 ---p 0002f000 08:01 401065                     /usr/lib/x86_64-linux-gnu/libFLAC.so.8.3.0
7fda2b4da000-7fda2b4db000 r--p 0002f000 08:01 401065                     /usr/lib/x86_64-linux-gnu/libFLAC.so.8.3.0
7fda2b4db000-7fda2b4dc000 rw-p 00030000 08:01 401065                     /usr/lib/x86_64-linux-gnu/libFLAC.so.8.3.0
7fda2b4dc000-7fda2b4e1000 r-xp 00000000 08:01 401282                     /usr/lib/x86_64-linux-gnu/libasyncns.so.0.3.1
7fda2b4e1000-7fda2b6e0000 ---p 00005000 08:01 401282                     /usr/lib/x86_64-linux-gnu/libasyncns.so.0.3.1
7fda2b6e0000-7fda2b6e1000 r--p 00004000 08:01 401282                     /usr/lib/x86_64-linux-gnu/libasyncns.so.0.3.1
7fda2b6e1000-7fda2b6e2000 rw-p 00005000 08:01 401282                     /usr/lib/x86_64-linux-gnu/libasyncns.so.0.3.1
7fda2b6e2000-7fda2b743000 r-xp 00000000 08:01 401993                     /usr/lib/x86_64-linux-gnu/libsndfile.so.1.0.25
7fda2b743000-7fda2b943000 ---p 00061000 08:01 401993                     /usr/lib/x86_64-linux-gnu/libsndfile.so.1.0.25
7fda2b943000-7fda2b945000 r--p 00061000 08:01 401993                     /usr/lib/x86_64-linux-gnu/libsndfile.so.1.0.25
7fda2b945000-7fda2b946000 rw-p 00063000 08:01 401993                     /usr/lib/x86_64-linux-gnu/libsndfile.so.1.0.25
7fda2b946000-7fda2b94a000 rw-p 00000000 00:00 0 
7fda2b94a000-7fda2b952000 r-xp 00000000 08:01 5246983                    /lib/x86_64-linux-gnu/libwrap.so.0.7.6
7fda2b952000-7fda2bb52000 ---p 00008000 08:01 5246983                    /lib/x86_64-linux-gnu/libwrap.so.0.7.6
7fda2bb52000-7fda2bb53000 r--p 00008000 08:01 5246983                    /lib/x86_64-linux-gnu/libwrap.so.0.7.6
7fda2bb53000-7fda2bb54000 rw-p 00009000 08:01 5246983                    /lib/x86_64-linux-gnu/libwrap.so.0.7.6
7fda2bb54000-7fda2bb98000 r-xp 00000000 08:01 5246840                    /lib/x86_64-linux-gnu/libdbus-1.so.3.7.4
7fda2bb98000-7fda2bd97000 ---p 00044000 08:01 5246840                    /lib/x86_64-linux-gnu/libdbus-1.so.3.7.4
7fda2bd97000-7fda2bd98000 r--p 00043000 08:01 5246840                    /lib/x86_64-linux-gnu/libdbus-1.so.3.7.4
7fda2bd98000-7fda2bd99000 rw-p 00044000 08:01 5246840                    /lib/x86_64-linux-gnu/libdbus-1.so.3.7.4
7fda2bd99000-7fda2bdff000 r-xp 00000000 08:01 787126                     /usr/lib/x86_64-linux-gnu/pulseaudio/libpulsecommon-4.0.so
7fda2bdff000-7fda2bffe000 ---p 00066000 08:01 787126                     /usr/lib/x86_64-linux-gnu/pulseaudio/libpulsecommon-4.0.so
7fda2bffe000-7fda2bfff000 r--p 00065000 08:01 787126                     /usr/lib/x86_64-linux-gnu/pulseaudio/libpulsecommon-4.0.so
7fda2bfff000-7fda2c000000 rw-p 00066000 08:01 787126                     /usr/lib/x86_64-linux-gnu/pulseaudio/libpulsecommon-4.0.so
7fda2c000000-7fda2c021000 rw-p 00000000 00:00 0 
7fda2c021000-7fda30000000 ---p 00000000 00:00 0 
7fda30000000-7fda30021000 rw-p 00000000 00:00 0 
7fda30021000-7fda34000000 ---p 00000000 00:00 0 
7fda34000000-7fda34021000 rw-p 00000000 00:00 0 
7fda34021000-7fda38000000 ---p 00000000 00:00 0 
7fda38000000-7fda38021000 rw-p 00000000 00:00 0 
7fda38021000-7fda3c000000 ---p 00000000 00:00 0 
7fda3c000000-7fda3c021000 rw-p 00000000 00:00 0 
7fda3c021000-7fda40000000 ---p 00000000 00:00 0 
7fda4000a000-7fda4004a000 rw-s 3a7d20000 00:05 9623                      /dev/nvidia0
7fda4004a000-7fda4006a000 rw-s 39c6f6000 00:05 9623                      /dev/nvidia0
7fda4006a000-7fda40073000 r-xp 00000000 08:01 5246868                    /lib/x86_64-linux-gnu/libjson-c.so.2.0.1
7fda40073000-7fda40272000 ---p 00009000 08:01 5246868                    /lib/x86_64-linux-gnu/libjson-c.so.2.0.1
7fda40272000-7fda40273000 r--p 00008000 08:01 5246868                    /lib/x86_64-linux-gnu/libjson-c.so.2.0.1
7fda40273000-7fda40274000 rw-p 00009000 08:01 5246868                    /lib/x86_64-linux-gnu/libjson-c.so.2.0.1
7fda40274000-7fda402bb000 r-xp 00000000 08:01 401930                     /usr/lib/x86_64-linux-gnu/libpulse.so.0.16.2
7fda402bb000-7fda404bb000 ---p 00047000 08:01 401930                     /usr/lib/x86_64-linux-gnu/libpulse.so.0.16.2
7fda404bb000-7fda404bc000 r--p 00047000 08:01 401930                     /usr/lib/x86_64-linux-gnu/libpulse.so.0.16.2
7fda404bc000-7fda404bd000 rw-p 00048000 08:01 401930                     /usr/lib/x86_64-linux-gnu/libpulse.so.0.16.2
7fda404bd000-7fda40512000 r-xp 00000000 08:01 3804028                    /tmp/libgdxedmundas/7b43be9b/libopenal64.so (deleted)
7fda40512000-7fda40711000 ---p 00055000 08:01 3804028                    /tmp/libgdxedmundas/7b43be9b/libopenal64.so (deleted)
7fda40711000-7fda40714000 r--p 00054000 08:01 3804028                    /tmp/libgdxedmundas/7b43be9b/libopenal64.so (deleted)
7fda40714000-7fda40715000 rw-p 00057000 08:01 3804028                    /tmp/libgdxedmundas/7b43be9b/libopenal64.so (deleted)
7fda40715000-7fda40716000 rw-p 00000000 00:00 0 
7fda40716000-7fda4071a000 r-xp 00000000 08:01 401249                     /usr/lib/x86_64-linux-gnu/libXxf86vm.so.1.0.0
7fda4071a000-7fda4091a000 ---p 00004000 08:01 401249                     /usr/lib/x86_64-linux-gnu/libXxf86vm.so.1.0.0
7fda4091a000-7fda4091b000 r--p 00004000 08:01 401249                     /usr/lib/x86_64-linux-gnu/libXxf86vm.so.1.0.0
7fda4091b000-7fda4091c000 rw-p 00005000 08:01 401249                     /usr/lib/x86_64-linux-gnu/libXxf86vm.so.1.0.0
7fda4091c000-7fda40925000 r-xp 00000000 08:01 401237                     /usr/lib/x86_64-linux-gnu/libXrandr.so.2.2.0
7fda40925000-7fda40b24000 ---p 00009000 08:01 401237                     /usr/lib/x86_64-linux-gnu/libXrandr.so.2.2.0
7fda40b24000-7fda40b25000 r--p 00008000 08:01 401237                     /usr/lib/x86_64-linux-gnu/libXrandr.so.2.2.0
7fda40b25000-7fda40b26000 rw-p 00009000 08:01 401237                     /usr/lib/x86_64-linux-gnu/libXrandr.so.2.2.0
7fda40b26000-7fda40b92000 r-xp 00000000 08:01 3804027                    /tmp/libgdxedmundas/7b43be9b/liblwjgl64.so (deleted)
7fda40b92000-7fda40d91000 ---p 0006c000 08:01 3804027                    /tmp/libgdxedmundas/7b43be9b/liblwjgl64.so (deleted)
7fda40d91000-7fda40d93000 r--p 0006b000 08:01 3804027                    /tmp/libgdxedmundas/7b43be9b/liblwjgl64.so (deleted)
7fda40d93000-7fda40d94000 rw-p 0006d000 08:01 3804027                    /tmp/libgdxedmundas/7b43be9b/liblwjgl64.so (deleted)
7fda40d94000-7fda40d95000 r-xp 00000000 08:01 1056102                    /usr/lib/jvm/java-7-oracle/jre/lib/amd64/libjawt.so
7fda40d95000-7fda40f94000 ---p 00001000 08:01 1056102                    /usr/lib/jvm/java-7-oracle/jre/lib/amd64/libjawt.so
7fda40f94000-7fda40f95000 rw-p 00000000 08:01 1056102                    /usr/lib/jvm/java-7-oracle/jre/lib/amd64/libjawt.so
7fda40f95000-7fda40f98000 ---p 00000000 00:00 0 
7fda40f98000-7fda41096000 rw-p 00000000 00:00 0                          [stack:9704]
7fda41096000-7fda4109b000 r-xp 00000000 08:01 401219                     /usr/lib/x86_64-linux-gnu/libXfixes.so.3.1.0
7fda4109b000-7fda4129a000 ---p 00005000 08:01 401219                     /usr/lib/x86_64-linux-gnu/libXfixes.so.3.1.0
7fda4129a000-7fda4129b000 r--p 00004000 08:01 401219                     /usr/lib/x86_64-linux-gnu/libXfixes.so.3.1.0
7fda4129b000-7fda4129c000 rw-p 00005000 08:01 401219                     /usr/lib/x86_64-linux-gnu/libXfixes.so.3.1.0
7fda4129c000-7fda412a5000 r-xp 00000000 08:01 401211                     /usr/lib/x86_64-linux-gnu/libXcursor.so.1.0.2
7fda412a5000-7fda414a4000 ---p 00009000 08:01 401211                     /usr/lib/x86_64-linux-gnu/libXcursor.so.1.0.2
7fda414a4000-7fda414a5000 r--p 00008000 08:01 401211                     /usr/lib/x86_64-linux-gnu/libXcursor.so.1.0.2
7fda414a5000-7fda414a6000 rw-p 00009000 08:01 401211                     /usr/lib/x86_64-linux-gnu/libXcursor.so.1.0.2
7fda414a6000-7fda414a9000 ---p 00000000 00:00 0 
7fda414a9000-7fda415a7000 rw-p 00000000 00:00 0                          [stack:9703]
7fda415a7000-7fda415ac000 r-xp 00000000 08:01 401215                     /usr/lib/x86_64-linux-gnu/libXdmcp.so.6.0.0
7fda415ac000-7fda417ab000 ---p 00005000 08:01 401215                     /usr/lib/x86_64-linux-gnu/libXdmcp.so.6.0.0
7fda417ab000-7fda417ac000 r--p 00004000 08:01 401215                     /usr/lib/x86_64-linux-gnu/libXdmcp.so.6.0.0
7fda417ac000-7fda417ad000 rw-p 00005000 08:01 401215                     /usr/lib/x86_64-linux-gnu/libXdmcp.so.6.0.0
7fda417ad000-7fda417af000 r-xp 00000000 08:01 401204                     /usr/lib/x86_64-linux-gnu/libXau.so.6.0.0
7fda417af000-7fda419af000 ---p 00002000 08:01 401204                     /usr/lib/x86_64-linux-gnu/libXau.so.6.0.0
7fda419af000-7fda419b0000 r--p 00002000 08:01 401204                     /usr/lib/x86_64-linux-gnu/libXau.so.6.0.0
7fda419b0000-7fda419b1000 rw-p 00003000 08:01 401204                     /usr/lib/x86_64-linux-gnu/libXau.so.6.0.0
7fda419b1000-7fda419ce000 r-xp 00000000 08:01 402156                     /usr/lib/x86_64-linux-gnu/libxcb.so.1.1.0
7fda419ce000-7fda41bcd000 ---p 0001d000 08:01 402156                     /usr/lib/x86_64-linux-gnu/libxcb.so.1.1.0
7fda41bcd000-7fda41bce000 r--p 0001c000 08:01 402156                     /usr/lib/x86_64-linux-gnu/libxcb.so.1.1.0
7fda41bce000-7fda41bcf000 rw-p 0001d000 08:01 402156                     /usr/lib/x86_64-linux-gnu/libxcb.so.1.1.0
7fda41bcf000-7fda41bde000 r-xp 00000000 08:01 401225                     /usr/lib/x86_64-linux-gnu/libXi.so.6.1.0
7fda41bde000-7fda41ddd000 ---p 0000f000 08:01 401225                     /usr/lib/x86_64-linux-gnu/libXi.so.6.1.0
7fda41ddd000-7fda41dde000 r--p 0000e000 08:01 401225                     /usr/lib/x86_64-linux-gnu/libXi.so.6.1.0
7fda41dde000-7fda41ddf000 rw-p 0000f000 08:01 401225                     /usr/lib/x86_64-linux-gnu/libXi.so.6.1.0
7fda41ddf000-7fda41de4000 r-xp 00000000 08:01 401243                     /usr/lib/x86_64-linux-gnu/libXtst.so.6.1.0
7fda41de4000-7fda41fe3000 ---p 00005000 08:01 401243                     /usr/lib/x86_64-linux-gnu/libXtst.so.6.1.0
7fda41fe3000-7fda41fe4000 r--p 00004000 08:01 401243                     /usr/lib/x86_64-linux-gnu/libXtst.so.6.1.0
7fda41fe4000-7fda41fe5000 rw-p 00005000 08:01 401243                     /usr/lib/x86_64-linux-gnu/libXtst.so.6.1.0
7fda41fe5000-7fda41fee000 r-xp 00000000 08:01 401239                     /usr/lib/x86_64-linux-gnu/libXrender.so.1.3.0
7fda41fee000-7fda421ed000 ---p 00009000 08:01 401239                     /usr/lib/x86_64-linux-gnu/libXrender.so.1.3.0
7fda421ed000-7fda421ee000 r--p 00008000 08:01 401239                     /usr/lib/x86_64-linux-gnu/libXrender.so.1.3.0
7fda421ee000-7fda421ef000 rw-p 00009000 08:01 401239                     /usr/lib/x86_64-linux-gnu/libXrender.so.1.3.0
7fda421ef000-7fda4231f000 r-xp 00000000 08:01 401200                     /usr/lib/x86_64-linux-gnu/libX11.so.6.3.0
7fda4231f000-7fda4251f000 ---p 00130000 08:01 401200                     /usr/lib/x86_64-linux-gnu/libX11.so.6.3.0
7fda4251f000-7fda42520000 r--p 00130000 08:01 401200                     /usr/lib/x86_64-linux-gnu/libX11.so.6.3.0
7fda42520000-7fda42524000 rw-p 00131000 08:01 401200                     /usr/lib/x86_64-linux-gnu/libX11.so.6.3.0
7fda42524000-7fda42535000 r-xp 00000000 08:01 401217                     /usr/lib/x86_64-linux-gnu/libXext.so.6.4.0
7fda42535000-7fda42734000 ---p 00011000 08:01 401217                     /usr/lib/x86_64-linux-gnu/libXext.so.6.4.0
7fda42734000-7fda42735000 r--p 00010000 08:01 401217                     /usr/lib/x86_64-linux-gnu/libXext.so.6.4.0
7fda42735000-7fda42736000 rw-p 00011000 08:01 401217                     /usr/lib/x86_64-linux-gnu/libXext.so.6.4.0
7fda42736000-7fda42786000 r-xp 00000000 08:01 1056125                    /usr/lib/jvm/java-7-oracle/jre/lib/amd64/xawt/libmawt.so
7fda42786000-7fda42986000 ---p 00050000 08:01 1056125                    /usr/lib/jvm/java-7-oracle/jre/lib/amd64/xawt/libmawt.so
7fda42986000-7fda4298a000 rw-p 00050000 08:01 1056125                    /usr/lib/jvm/java-7-oracle/jre/lib/amd64/xawt/libmawt.so
7fda4298a000-7fda4298b000 rw-p 00000000 00:00 0 
7fda4298b000-7fda42a2d000 r-xp 00000000 08:01 1056150                    /usr/lib/jvm/java-7-oracle/jre/lib/amd64/libawt.so
7fda42a2d000-7fda42c2d000 ---p 000a2000 08:01 1056150                    /usr/lib/jvm/java-7-oracle/jre/lib/amd64/libawt.so
7fda42c2d000-7fda42c39000 rw-p 000a2000 08:01 1056150                    /usr/lib/jvm/java-7-oracle/jre/lib/amd64/libawt.so
7fda42c39000-7fda42c5d000 rw-p 00000000 00:00 0 
7fda42c5d000-7fda42c72000 r-xp 00000000 08:01 5242885                    /lib/x86_64-linux-gnu/libgcc_s.so.1
7fda42c72000-7fda42e71000 ---p 00015000 08:01 5242885                    /lib/x86_64-linux-gnu/libgcc_s.so.1
7fda42e71000-7fda42e72000 r--p 00014000 08:01 5242885                    /lib/x86_64-linux-gnu/libgcc_s.so.1
7fda42e72000-7fda42e73000 rw-p 00015000 08:01 5242885                    /lib/x86_64-linux-gnu/libgcc_s.so.1
7fda42e73000-7fda42f59000 r-xp 00000000 08:01 399202                     /usr/lib/x86_64-linux-gnu/libstdc++.so.6.0.18
7fda42f59000-7fda43158000 ---p 000e6000 08:01 399202                     /usr/lib/x86_64-linux-gnu/libstdc++.so.6.0.18
7fda43158000-7fda43160000 r--p 000e5000 08:01 399202                     /usr/lib/x86_64-linux-gnu/libstdc++.so.6.0.18
7fda43160000-7fda43162000 rw-p 000ed000 08:01 399202                     /usr/lib/x86_64-linux-gnu/libstdc++.so.6.0.18
7fda43162000-7fda43177000 rw-p 00000000 00:00 0 
7fda43177000-7fda431e6000 r-xp 00000000 08:01 3804025                    /tmp/libgdxedmundas/b4a54a2/libgdx64.so
7fda431e6000-7fda433e5000 ---p 0006f000 08:01 3804025                    /tmp/libgdxedmundas/b4a54a2/libgdx64.so
7fda433e5000-7fda433e7000 r--p 0006e000 08:01 3804025                    /tmp/libgdxedmundas/b4a54a2/libgdx64.so
7fda433e7000-7fda433e8000 rw-p 00070000 08:01 3804025                    /tmp/libgdxedmundas/b4a54a2/libgdx64.so
7fda433e8000-7fda433e9000 rw-p 00000000 00:00 0 
7fda433e9000-7fda433ea000 ---p 00000000 00:00 0 
7fda433ea000-7fda434ea000 rw-p 00000000 00:00 0                          [stack:9702]
7fda434ea000-7fda434ed000 ---p 00000000 00:00 0 
7fda434ed000-7fda435eb000 rw-p 00000000 00:00 0                          [stack:9701]
7fda435eb000-7fda435ee000 ---p 00000000 00:00 0 
7fda435ee000-7fda436ec000 rw-p 00000000 00:00 0                          [stack:9700]
7fda436ec000-7fda436ef000 ---p 00000000 00:00 0 
7fda436ef000-7fda437ed000 rw-p 00000000 00:00 0                          [stack:9699]
7fda437ed000-7fda44000000 r--p 00000000 08:01 400200                     /usr/lib/locale/locale-archive
7fda44000000-7fda44021000 rw-p 00000000 00:00 0 
7fda44021000-7fda48000000 ---p 00000000 00:00 0 
7fda48003000-7fda48005000 rw-p 00000000 00:00 0 
7fda48005000-7fda48007000 rw-s 00000000 08:01 3804031                    /tmp/glPz2RXI (deleted)
7fda48007000-7fda4800e000 rw-s 3a7db9000 00:05 9623                      /dev/nvidia0
7fda4800e000-7fda4800f000 rw-s 3a7db8000 00:05 9623                      /dev/nvidia0
7fda4800f000-7fda48013000 rw-s 3bafd0000 00:05 9623                      /dev/nvidia0
7fda48013000-7fda48014000 rw-s cfeee000 00:05 9623                       /dev/nvidia0
7fda48014000-7fda48054000 rw-s 39c6eb000 00:05 9623                      /dev/nvidia0
7fda48074000-7fda48089000 rw-s 419c73000 00:05 9623                      /dev/nvidia0
7fda48089000-7fda4808c000 ---p 00000000 00:00 0 
7fda4808c000-7fda480c2000 rw-p 00000000 00:00 0 
7fda480c2000-7fda480c9000 r--s 00000000 08:01 658173                     /usr/lib/x86_64-linux-gnu/gconv/gconv-modules.cache
7fda480c9000-7fda480cc000 ---p 00000000 00:00 0 
7fda480cc000-7fda481ca000 rw-p 00000000 00:00 0                          [stack:9698]
7fda481ca000-7fda481cd000 ---p 00000000 00:00 0 
7fda481cd000-7fda482cb000 rw-p 00000000 00:00 0                          [stack:9697]
7fda482cb000-7fda482ce000 ---p 00000000 00:00 0 
7fda482ce000-7fda483cc000 rw-p 00000000 00:00 0                          [stack:9696]
7fda483cc000-7fda483cd000 ---p 00000000 00:00 0 
7fda483cd000-7fda4a15c000 rw-p 00000000 00:00 0                          [stack:9695]
7fda4a15c000-7fda4a319000 r--s 039bf000 08:01 663407                     /usr/lib/jvm/java-7-oracle/jre/lib/rt.jar
7fda4a319000-7fda4ac35000 rw-p 00000000 00:00 0 
7fda4ac35000-7fda4ac36000 ---p 00000000 00:00 0 
7fda4ac36000-7fda4ad36000 rw-p 00000000 00:00 0                          [stack:9694]
7fda4ad36000-7fda4ad37000 ---p 00000000 00:00 0 
7fda4ad37000-7fda4ae37000 rw-p 00000000 00:00 0                          [stack:9693]
7fda4ae37000-7fda4ae38000 ---p 00000000 00:00 0 
7fda4ae38000-7fda4af38000 rw-p 00000000 00:00 0                          [stack:9692]
7fda4af38000-7fda4af39000 ---p 00000000 00:00 0 
7fda4af39000-7fda4b039000 rw-p 00000000 00:00 0                          [stack:9691]
7fda4b039000-7fda4b03a000 ---p 00000000 00:00 0 
7fda4b03a000-7fda4b13a000 rw-p 00000000 00:00 0                          [stack:9690]
7fda4b13a000-7fda4b13b000 ---p 00000000 00:00 0 
7fda4b13b000-7fda4b23b000 rw-p 00000000 00:00 0                          [stack:9689]
7fda4b23b000-7fda4b23c000 ---p 00000000 00:00 0 
7fda4b23c000-7fda4b33c000 rw-p 00000000 00:00 0                          [stack:9688]
7fda4b33c000-7fda4b33d000 ---p 00000000 00:00 0 
7fda4b33d000-7fda4b491000 rw-p 00000000 00:00 0                          [stack:9687]
7fda4b491000-7fda4b974000 rw-p 00000000 00:00 0 
7fda4b974000-7fda4b97f000 rw-p 00000000 00:00 0 
7fda4b97f000-7fda4b99d000 rw-p 00000000 00:00 0 
7fda4b99d000-7fda4b9f1000 rw-p 00000000 00:00 0 
7fda4b9f1000-7fda4bed3000 rw-p 00000000 00:00 0 
7fda4bed3000-7fda4bf04000 rw-p 00000000 00:00 0 
7fda4bf04000-7fda4c16f000 rw-p 00000000 00:00 0 
7fda4c16f000-7fda4c170000 rw-p 00000000 00:00 0 
7fda4c170000-7fda4c3e0000 rwxp 00000000 00:00 0 
7fda4c3e0000-7fda4f170000 rw-p 00000000 00:00 0 
7fda4f170000-7fda4f18a000 r-xp 00000000 08:01 1056145                    /usr/lib/jvm/java-7-oracle/jre/lib/amd64/libzip.so
7fda4f18a000-7fda4f38a000 ---p 0001a000 08:01 1056145                    /usr/lib/jvm/java-7-oracle/jre/lib/amd64/libzip.so
7fda4f38a000-7fda4f38b000 rw-p 0001a000 08:01 1056145                    /usr/lib/jvm/java-7-oracle/jre/lib/amd64/libzip.so
7fda4f38b000-7fda4f397000 r-xp 00000000 08:01 5246904                    /lib/x86_64-linux-gnu/libnss_files-2.17.so
7fda4f397000-7fda4f596000 ---p 0000c000 08:01 5246904                    /lib/x86_64-linux-gnu/libnss_files-2.17.so
7fda4f596000-7fda4f597000 r--p 0000b000 08:01 5246904                    /lib/x86_64-linux-gnu/libnss_files-2.17.so
7fda4f597000-7fda4f598000 rw-p 0000c000 08:01 5246904                    /lib/x86_64-linux-gnu/libnss_files-2.17.so
7fda4f598000-7fda4f5a3000 r-xp 00000000 08:01 5246908                    /lib/x86_64-linux-gnu/libnss_nis-2.17.so
7fda4f5a3000-7fda4f7a2000 ---p 0000b000 08:01 5246908                    /lib/x86_64-linux-gnu/libnss_nis-2.17.so
7fda4f7a2000-7fda4f7a3000 r--p 0000a000 08:01 5246908                    /lib/x86_64-linux-gnu/libnss_nis-2.17.so
7fda4f7a3000-7fda4f7a4000 rw-p 0000b000 08:01 5246908                    /lib/x86_64-linux-gnu/libnss_nis-2.17.so
7fda4f7a4000-7fda4f7bb000 r-xp 00000000 08:01 5246898                    /lib/x86_64-linux-gnu/libnsl-2.17.so
7fda4f7bb000-7fda4f9ba000 ---p 00017000 08:01 5246898                    /lib/x86_64-linux-gnu/libnsl-2.17.so
7fda4f9ba000-7fda4f9bb000 r--p 00016000 08:01 5246898                    /lib/x86_64-linux-gnu/libnsl-2.17.so
7fda4f9bb000-7fda4f9bc000 rw-p 00017000 08:01 5246898                    /lib/x86_64-linux-gnu/libnsl-2.17.so
7fda4f9bc000-7fda4f9be000 rw-p 00000000 00:00 0 
7fda4f9be000-7fda4f9c6000 r-xp 00000000 08:01 5246900                    /lib/x86_64-linux-gnu/libnss_compat-2.17.so
7fda4f9c6000-7fda4fbc5000 ---p 00008000 08:01 5246900                    /lib/x86_64-linux-gnu/libnss_compat-2.17.so
7fda4fbc5000-7fda4fbc6000 r--p 00007000 08:01 5246900                    /lib/x86_64-linux-gnu/libnss_compat-2.17.so
7fda4fbc6000-7fda4fbc7000 rw-p 00008000 08:01 5246900                    /lib/x86_64-linux-gnu/libnss_compat-2.17.so
7fda4fbc7000-7fda4fbf0000 r-xp 00000000 08:01 1056153                    /usr/lib/jvm/java-7-oracle/jre/lib/amd64/libjava.so
7fda4fbf0000-7fda4fdf0000 ---p 00029000 08:01 1056153                    /usr/lib/jvm/java-7-oracle/jre/lib/amd64/libjava.so
7fda4fdf0000-7fda4fdf2000 rw-p 00029000 08:01 1056153                    /usr/lib/jvm/java-7-oracle/jre/lib/amd64/libjava.so
7fda4fdf2000-7fda4fdff000 r-xp 00000000 08:01 1056152                    /usr/lib/jvm/java-7-oracle/jre/lib/amd64/libverify.so
7fda4fdff000-7fda4fffe000 ---p 0000d000 08:01 1056152                    /usr/lib/jvm/java-7-oracle/jre/lib/amd64/libverify.so
7fda4fffe000-7fda50000000 rw-p 0000c000 08:01 1056152                    /usr/lib/jvm/java-7-oracle/jre/lib/amd64/libverify.so
7fda50000000-7fda502f0000 rw-p 00000000 00:00 0 
7fda502f0000-7fda54000000 ---p 00000000 00:00 0 
7fda54000000-7fda54001000 rw-s cfeed000 00:05 9623                       /dev/nvidia0
7fda54001000-7fda54002000 rw-s cfeec000 00:05 9623                       /dev/nvidia0
7fda54002000-7fda54035000 rw-p 00000000 00:00 0 
7fda54035000-7fda54053000 rw-p 00000000 00:00 0 
7fda54053000-7fda5405a000 r-xp 00000000 08:01 5246951                    /lib/x86_64-linux-gnu/librt-2.17.so
7fda5405a000-7fda54259000 ---p 00007000 08:01 5246951                    /lib/x86_64-linux-gnu/librt-2.17.so
7fda54259000-7fda5425a000 r--p 00006000 08:01 5246951                    /lib/x86_64-linux-gnu/librt-2.17.so
7fda5425a000-7fda5425b000 rw-p 00007000 08:01 5246951                    /lib/x86_64-linux-gnu/librt-2.17.so
7fda5425b000-7fda5435e000 r-xp 00000000 08:01 5246879                    /lib/x86_64-linux-gnu/libm-2.17.so
7fda5435e000-7fda5455d000 ---p 00103000 08:01 5246879                    /lib/x86_64-linux-gnu/libm-2.17.so
7fda5455d000-7fda5455e000 r--p 00102000 08:01 5246879                    /lib/x86_64-linux-gnu/libm-2.17.so
7fda5455e000-7fda5455f000 rw-p 00103000 08:01 5246879                    /lib/x86_64-linux-gnu/libm-2.17.so
7fda5455f000-7fda550c1000 r-xp 00000000 08:01 1056140                    /usr/lib/jvm/java-7-oracle/jre/lib/amd64/server/libjvm.so
7fda550c1000-7fda552c1000 ---p 00b62000 08:01 1056140                    /usr/lib/jvm/java-7-oracle/jre/lib/amd64/server/libjvm.so
7fda552c1000-7fda55384000 rw-p 00b62000 08:01 1056140                    /usr/lib/jvm/java-7-oracle/jre/lib/amd64/server/libjvm.so
7fda55384000-7fda553c5000 rw-p 00000000 00:00 0 
7fda553c5000-7fda55582000 r-xp 00000000 08:01 5246828                    /lib/x86_64-linux-gnu/libc-2.17.so
7fda55582000-7fda55782000 ---p 001bd000 08:01 5246828                    /lib/x86_64-linux-gnu/libc-2.17.so
7fda55782000-7fda55786000 r--p 001bd000 08:01 5246828                    /lib/x86_64-linux-gnu/libc-2.17.so
7fda55786000-7fda55788000 rw-p 001c1000 08:01 5246828                    /lib/x86_64-linux-gnu/libc-2.17.so
7fda55788000-7fda5578d000 rw-p 00000000 00:00 0 
7fda5578d000-7fda55790000 r-xp 00000000 08:01 5246843                    /lib/x86_64-linux-gnu/libdl-2.17.so
7fda55790000-7fda5598f000 ---p 00003000 08:01 5246843                    /lib/x86_64-linux-gnu/libdl-2.17.so
7fda5598f000-7fda55990000 r--p 00002000 08:01 5246843                    /lib/x86_64-linux-gnu/libdl-2.17.so
7fda55990000-7fda55991000 rw-p 00003000 08:01 5246843                    /lib/x86_64-linux-gnu/libdl-2.17.so
7fda55991000-7fda559a7000 r-xp 00000000 08:01 535699                     /usr/lib/jvm/java-7-oracle/lib/amd64/jli/libjli.so
7fda559a7000-7fda55ba7000 ---p 00016000 08:01 535699                     /usr/lib/jvm/java-7-oracle/lib/amd64/jli/libjli.so
7fda55ba7000-7fda55ba8000 rw-p 00016000 08:01 535699                     /usr/lib/jvm/java-7-oracle/lib/amd64/jli/libjli.so
7fda55ba8000-7fda55bbf000 r-xp 00000000 08:01 5246943                    /lib/x86_64-linux-gnu/libpthread-2.17.so
7fda55bbf000-7fda55dbf000 ---p 00017000 08:01 5246943                    /lib/x86_64-linux-gnu/libpthread-2.17.so
7fda55dbf000-7fda55dc0000 r--p 00017000 08:01 5246943                    /lib/x86_64-linux-gnu/libpthread-2.17.so
7fda55dc0000-7fda55dc1000 rw-p 00018000 08:01 5246943                    /lib/x86_64-linux-gnu/libpthread-2.17.so
7fda55dc1000-7fda55dc5000 rw-p 00000000 00:00 0 
7fda55dc5000-7fda55de8000 r-xp 00000000 08:01 5246804                    /lib/x86_64-linux-gnu/ld-2.17.so
7fda55de8000-7fda55de9000 rw-s d4641000 00:05 9623                       /dev/nvidia0
7fda55de9000-7fda55dea000 rw-s 40ffbf000 00:05 9623                      /dev/nvidia0
7fda55dea000-7fda55deb000 rw-s 3baee5000 00:05 9623                      /dev/nvidia0
7fda55deb000-7fda55dec000 rw-s d4060000 00:05 9623                       /dev/nvidia0
7fda55dec000-7fda55ded000 r--s 00127000 08:06 4326268                    /home/edmundas/workspace/dots-desktop/libs/gdx-natives.jar
7fda55ded000-7fda55def000 r--s 001a1000 08:06 4326269                    /home/edmundas/workspace/dots-desktop/libs/gdx-backend-lwjgl-natives.jar
7fda55def000-7fda55e05000 r--s 00154000 08:06 4326254                    /home/edmundas/workspace/dots/libs/gdx.jar
7fda55e05000-7fda55e0f000 rw-p 00000000 00:00 0 
7fda55e0f000-7fda55ec5000 rw-p 00000000 00:00 0 
7fda55ec5000-7fda55ec8000 ---p 00000000 00:00 0 
7fda55ec8000-7fda55fca000 rw-p 00000000 00:00 0                          [stack:9686]
7fda55fca000-7fda55fdb000 r--s 0012b000 08:06 4326270                    /home/edmundas/workspace/dots-desktop/libs/gdx-backend-lwjgl.jar
7fda55fdb000-7fda55fe3000 rw-s 00000000 08:01 3804030                    /tmp/hsperfdata_edmundas/9680
7fda55fe3000-7fda55fe4000 rw-p 00000000 00:00 0 
7fda55fe4000-7fda55fe5000 r--p 00000000 00:00 0 
7fda55fe5000-7fda55fe7000 rw-p 00000000 00:00 0 
7fda55fe7000-7fda55fe8000 r--p 00022000 08:01 5246804                    /lib/x86_64-linux-gnu/ld-2.17.so
7fda55fe8000-7fda55fea000 rw-p 00023000 08:01 5246804                    /lib/x86_64-linux-gnu/ld-2.17.so
7fffe8a09000-7fffe8a2a000 rw-p 00000000 00:00 0                          [stack]
7fffe8bf2000-7fffe8bf4000 r-xp 00000000 00:00 0                          [vdso]
ffffffffff600000-ffffffffff601000 r-xp 00000000 00:00 0                  [vsyscall]

VM Arguments:
jvm_args: -Dfile.encoding=UTF-8 
java_command: com.home.dots.Main
Launcher Type: SUN_STANDARD

Environment Variables:
PATH=/usr/lib/lightdm/lightdm:/usr/local/sbin:/usr/local/bin:/usr/sbin:/usr/bin:/sbin:/bin:/usr/games:/usr/local/games
SHELL=/bin/bash
DISPLAY=:0.0

Signal Handlers:
SIGSEGV: [libjvm.so+0x993870], sa_mask[0]=0x7ffbfeff, sa_flags=0x10000004
SIGBUS: [libjvm.so+0x993870], sa_mask[0]=0x7ffbfeff, sa_flags=0x10000004
SIGFPE: [libjvm.so+0x8105b0], sa_mask[0]=0x7ffbfeff, sa_flags=0x10000004
SIGPIPE: [libjvm.so+0x8105b0], sa_mask[0]=0x7ffbfeff, sa_flags=0x10000004
SIGXFSZ: [libjvm.so+0x8105b0], sa_mask[0]=0x7ffbfeff, sa_flags=0x10000004
SIGILL: [libjvm.so+0x8105b0], sa_mask[0]=0x7ffbfeff, sa_flags=0x10000004
SIGUSR1: SIG_DFL, sa_mask[0]=0x00000000, sa_flags=0x00000000
SIGUSR2: [libjvm.so+0x811aa0], sa_mask[0]=0x00000004, sa_flags=0x10000004
SIGHUP: [libjvm.so+0x812a10], sa_mask[0]=0x7ffbfeff, sa_flags=0x10000004
SIGINT: [libjvm.so+0x812a10], sa_mask[0]=0x7ffbfeff, sa_flags=0x10000004
SIGTERM: [libjvm.so+0x812a10], sa_mask[0]=0x7ffbfeff, sa_flags=0x10000004
SIGQUIT: [libjvm.so+0x812a10], sa_mask[0]=0x7ffbfeff, sa_flags=0x10000004


---------------  S Y S T E M  ---------------

OS:wheezy/sid

uname:Linux 3.11.0-15-generic #25-Ubuntu SMP Thu Jan 30 17:22:01 UTC 2014 x86_64
libc:glibc 2.17 NPTL 2.17 
rlimit: STACK 8192k, CORE 0k, NPROC 127918, NOFILE 4096, AS infinity
load average:1,19 1,38 1,22

/proc/meminfo:
MemTotal:       16393872 kB
MemFree:         9634912 kB
Buffers:          262468 kB
Cached:          3372544 kB
SwapCached:            0 kB
Active:          3588948 kB
Inactive:        2713216 kB
Active(anon):    2668508 kB
Inactive(anon):    17640 kB
Active(file):     920440 kB
Inactive(file):  2695576 kB
Unevictable:         400 kB
Mlocked:             400 kB
SwapTotal:      16015356 kB
SwapFree:       16015356 kB
Dirty:              6568 kB
Writeback:             0 kB
AnonPages:       2667728 kB
Mapped:           319864 kB
Shmem:             19284 kB
Slab:             202360 kB
SReclaimable:     159936 kB
SUnreclaim:        42424 kB
KernelStack:        5792 kB
PageTables:        48284 kB
NFS_Unstable:          0 kB
Bounce:                0 kB
WritebackTmp:          0 kB
CommitLimit:    24212292 kB
Committed_AS:    8152064 kB
VmallocTotal:   34359738367 kB
VmallocUsed:      137292 kB
VmallocChunk:   34359597436 kB
HardwareCorrupted:     0 kB
AnonHugePages:         0 kB
HugePages_Total:       0
HugePages_Free:        0
HugePages_Rsvd:        0
HugePages_Surp:        0
Hugepagesize:       2048 kB
DirectMap4k:      254524 kB
DirectMap2M:    16482304 kB


CPU:total 8 (4 cores per cpu, 2 threads per core) family 6 model 42 stepping 7, cmov, cx8, fxsr, mmx, sse, sse2, sse3, ssse3, sse4.1, sse4.2, popcnt, avx, aes, ht, tsc, tscinvbit

/proc/cpuinfo:
processor	: 0
vendor_id	: GenuineIntel
cpu family	: 6
model		: 42
model name	: Intel(R) Core(TM) i7-2670QM CPU @ 2.20GHz
stepping	: 7
microcode	: 0x23
cpu MHz		: 2201.000
cache size	: 6144 KB
physical id	: 0
siblings	: 8
core id		: 0
cpu cores	: 4
apicid		: 0
initial apicid	: 0
fpu		: yes
fpu_exception	: yes
cpuid level	: 13
wp		: yes
flags		: fpu vme de pse tsc msr pae mce cx8 apic sep mtrr pge mca cmov pat pse36 clflush dts acpi mmx fxsr sse sse2 ss ht tm pbe syscall nx rdtscp lm constant_tsc arch_perfmon pebs bts nopl xtopology nonstop_tsc aperfmperf eagerfpu pni pclmulqdq dtes64 monitor ds_cpl vmx est tm2 ssse3 cx16 xtpr pdcm pcid sse4_1 sse4_2 x2apic popcnt tsc_deadline_timer aes xsave avx lahf_lm ida arat epb xsaveopt pln pts dtherm tpr_shadow vnmi flexpriority ept vpid
bogomips	: 4390.03
clflush size	: 64
cache_alignment	: 64
address sizes	: 36 bits physical, 48 bits virtual
power management:

processor	: 1
vendor_id	: GenuineIntel
cpu family	: 6
model		: 42
model name	: Intel(R) Core(TM) i7-2670QM CPU @ 2.20GHz
stepping	: 7
microcode	: 0x23
cpu MHz		: 800.000
cache size	: 6144 KB
physical id	: 0
siblings	: 8
core id		: 0
cpu cores	: 4
apicid		: 1
initial apicid	: 1
fpu		: yes
fpu_exception	: yes
cpuid level	: 13
wp		: yes
flags		: fpu vme de pse tsc msr pae mce cx8 apic sep mtrr pge mca cmov pat pse36 clflush dts acpi mmx fxsr sse sse2 ss ht tm pbe syscall nx rdtscp lm constant_tsc arch_perfmon pebs bts nopl xtopology nonstop_tsc aperfmperf eagerfpu pni pclmulqdq dtes64 monitor ds_cpl vmx est tm2 ssse3 cx16 xtpr pdcm pcid sse4_1 sse4_2 x2apic popcnt tsc_deadline_timer aes xsave avx lahf_lm ida arat epb xsaveopt pln pts dtherm tpr_shadow vnmi flexpriority ept vpid
bogomips	: 4390.03
clflush size	: 64
cache_alignment	: 64
address sizes	: 36 bits physical, 48 bits virtual
power management:

processor	: 2
vendor_id	: GenuineIntel
cpu family	: 6
model		: 42
model name	: Intel(R) Core(TM) i7-2670QM CPU @ 2.20GHz
stepping	: 7
microcode	: 0x23
cpu MHz		: 800.000
cache size	: 6144 KB
physical id	: 0
siblings	: 8
core id		: 1
cpu cores	: 4
apicid		: 2
initial apicid	: 2
fpu		: yes
fpu_exception	: yes
cpuid level	: 13
wp		: yes
flags		: fpu vme de pse tsc msr pae mce cx8 apic sep mtrr pge mca cmov pat pse36 clflush dts acpi mmx fxsr sse sse2 ss ht tm pbe syscall nx rdtscp lm constant_tsc arch_perfmon pebs bts nopl xtopology nonstop_tsc aperfmperf eagerfpu pni pclmulqdq dtes64 monitor ds_cpl vmx est tm2 ssse3 cx16 xtpr pdcm pcid sse4_1 sse4_2 x2apic popcnt tsc_deadline_timer aes xsave avx lahf_lm ida arat epb xsaveopt pln pts dtherm tpr_shadow vnmi flexpriority ept vpid
bogomips	: 4390.03
clflush size	: 64
cache_alignment	: 64
address sizes	: 36 bits physical, 48 bits virtual
power management:

processor	: 3
vendor_id	: GenuineIntel
cpu family	: 6
model		: 42
model name	: Intel(R) Core(TM) i7-2670QM CPU @ 2.20GHz
stepping	: 7
microcode	: 0x23
cpu MHz		: 800.000
cache size	: 6144 KB
physical id	: 0
siblings	: 8
core id		: 1
cpu cores	: 4
apicid		: 3
initial apicid	: 3
fpu		: yes
fpu_exception	: yes
cpuid level	: 13
wp		: yes
flags		: fpu vme de pse tsc msr pae mce cx8 apic sep mtrr pge mca cmov pat pse36 clflush dts acpi mmx fxsr sse sse2 ss ht tm pbe syscall nx rdtscp lm constant_tsc arch_perfmon pebs bts nopl xtopology nonstop_tsc aperfmperf eagerfpu pni pclmulqdq dtes64 monitor ds_cpl vmx est tm2 ssse3 cx16 xtpr pdcm pcid sse4_1 sse4_2 x2apic popcnt tsc_deadline_timer aes xsave avx lahf_lm ida arat epb xsaveopt pln pts dtherm tpr_shadow vnmi flexpriority ept vpid
bogomips	: 4390.03
clflush size	: 64
cache_alignment	: 64
address sizes	: 36 bits physical, 48 bits virtual
power management:

processor	: 4
vendor_id	: GenuineIntel
cpu family	: 6
model		: 42
model name	: Intel(R) Core(TM) i7-2670QM CPU @ 2.20GHz
stepping	: 7
microcode	: 0x23
cpu MHz		: 2201.000
cache size	: 6144 KB
physical id	: 0
siblings	: 8
core id		: 2
cpu cores	: 4
apicid		: 4
initial apicid	: 4
fpu		: yes
fpu_exception	: yes
cpuid level	: 13
wp		: yes
flags		: fpu vme de pse tsc msr pae mce cx8 apic sep mtrr pge mca cmov pat pse36 clflush dts acpi mmx fxsr sse sse2 ss ht tm pbe syscall nx rdtscp lm constant_tsc arch_perfmon pebs bts nopl xtopology nonstop_tsc aperfmperf eagerfpu pni pclmulqdq dtes64 monitor ds_cpl vmx est tm2 ssse3 cx16 xtpr pdcm pcid sse4_1 sse4_2 x2apic popcnt tsc_deadline_timer aes xsave avx lahf_lm ida arat epb xsaveopt pln pts dtherm tpr_shadow vnmi flexpriority ept vpid
bogomips	: 4390.03
clflush size	: 64
cache_alignment	: 64
address sizes	: 36 bits physical, 48 bits virtual
power management:

processor	: 5
vendor_id	: GenuineIntel
cpu family	: 6
model		: 42
model name	: Intel(R) Core(TM) i7-2670QM CPU @ 2.20GHz
stepping	: 7
microcode	: 0x23
cpu MHz		: 800.000
cache size	: 6144 KB
physical id	: 0
siblings	: 8
core id		: 2
cpu cores	: 4
apicid		: 5
initial apicid	: 5
fpu		: yes
fpu_exception	: yes
cpuid level	: 13
wp		: yes
flags		: fpu vme de pse tsc msr pae mce cx8 apic sep mtrr pge mca cmov pat pse36 clflush dts acpi mmx fxsr sse sse2 ss ht tm pbe syscall nx rdtscp lm constant_tsc arch_perfmon pebs bts nopl xtopology nonstop_tsc aperfmperf eagerfpu pni pclmulqdq dtes64 monitor ds_cpl vmx est tm2 ssse3 cx16 xtpr pdcm pcid sse4_1 sse4_2 x2apic popcnt tsc_deadline_timer aes xsave avx lahf_lm ida arat epb xsaveopt pln pts dtherm tpr_shadow vnmi flexpriority ept vpid
bogomips	: 4390.03
clflush size	: 64
cache_alignment	: 64
address sizes	: 36 bits physical, 48 bits virtual
power management:

processor	: 6
vendor_id	: GenuineIntel
cpu family	: 6
model		: 42
model name	: Intel(R) Core(TM) i7-2670QM CPU @ 2.20GHz
stepping	: 7
microcode	: 0x23
cpu MHz		: 800.000
cache size	: 6144 KB
physical id	: 0
siblings	: 8
core id		: 3
cpu cores	: 4
apicid		: 6
initial apicid	: 6
fpu		: yes
fpu_exception	: yes
cpuid level	: 13
wp		: yes
flags		: fpu vme de pse tsc msr pae mce cx8 apic sep mtrr pge mca cmov pat pse36 clflush dts acpi mmx fxsr sse sse2 ss ht tm pbe syscall nx rdtscp lm constant_tsc arch_perfmon pebs bts nopl xtopology nonstop_tsc aperfmperf eagerfpu pni pclmulqdq dtes64 monitor ds_cpl vmx est tm2 ssse3 cx16 xtpr pdcm pcid sse4_1 sse4_2 x2apic popcnt tsc_deadline_timer aes xsave avx lahf_lm ida arat epb xsaveopt pln pts dtherm tpr_shadow vnmi flexpriority ept vpid
bogomips	: 4390.03
clflush size	: 64
cache_alignment	: 64
address sizes	: 36 bits physical, 48 bits virtual
power management:

processor	: 7
vendor_id	: GenuineIntel
cpu family	: 6
model		: 42
model name	: Intel(R) Core(TM) i7-2670QM CPU @ 2.20GHz
stepping	: 7
microcode	: 0x23
cpu MHz		: 800.000
cache size	: 6144 KB
physical id	: 0
siblings	: 8
core id		: 3
cpu cores	: 4
apicid		: 7
initial apicid	: 7
fpu		: yes
fpu_exception	: yes
cpuid level	: 13
wp		: yes
flags		: fpu vme de pse tsc msr pae mce cx8 apic sep mtrr pge mca cmov pat pse36 clflush dts acpi mmx fxsr sse sse2 ss ht tm pbe syscall nx rdtscp lm constant_tsc arch_perfmon pebs bts nopl xtopology nonstop_tsc aperfmperf eagerfpu pni pclmulqdq dtes64 monitor ds_cpl vmx est tm2 ssse3 cx16 xtpr pdcm pcid sse4_1 sse4_2 x2apic popcnt tsc_deadline_timer aes xsave avx lahf_lm ida arat epb xsaveopt pln pts dtherm tpr_shadow vnmi flexpriority ept vpid
bogomips	: 4390.03
clflush size	: 64
cache_alignment	: 64
address sizes	: 36 bits physical, 48 bits virtual
power management:



Memory: 4k page, physical 16393872k(9634912k free), swap 16015356k(16015356k free)

vm_info: Java HotSpot(TM) 64-Bit Server VM (24.51-b03) for linux-amd64 JRE (1.7.0_51-b13), built on Dec 18 2013 18:48:01 by "java_re" with gcc 4.3.0 20080428 (Red Hat 4.3.0-8)

time: Sat Mar  1 15:16:14 2014
elapsed time: 66 seconds

